{"timestamp": "2026-07-13T08:11:19.578742+00:00", "event": "IMAP Connected", "email": "arif.cgit@gmail.com", "imap_host": "imap.gmail.com", "imap_port": 993, "imap_encryption": "SSL/TLS"}
{"timestamp": "2026-07-13T08:31:11.247097+00:00", "event": "IMAP Connected", "email": "arif.cgit@gmail.com", "imap_host": "imap.gmail.com", "imap_port": 993, "imap_encryption": "SSL/TLS"}
{"timestamp": "2026-07-13T08:31:39.300696+00:00", "event": "IMAP Connected", "email": "arif.cgit@gmail.com", "imap_host": "imap.gmail.com", "imap_port": 993, "imap_encryption": "SSL/TLS"}
{"timestamp": "2026-07-13T08:35:42.588094+00:00", "event": "IMAP Connected", "email": "arif.cgit@gmail.com", "imap_host": "imap.gmail.com", "imap_port": 993, "imap_encryption": "SSL/TLS"}
{"timestamp": "2026-07-14T08:06:58.750558+00:00", "event": "IMAP Connected", "email": "arif.cgit@gmail.com", "imap_host": "imap.gmail.com", "imap_port": 993, "imap_encryption": "SSL/TLS", "success": true}
{"timestamp": "2026-07-14T08:06:59.924457+00:00", "event": "Unread Email Inspected", "identifier": "2117", "subject": "Re: Power People update: one ecosystem for digital business growth", "sender": "Arifur Rahman <arif.bd08060@gmail.com>", "classified_as_bounce": false, "bounce_email_message_id": "<CAMXsa6Ng34D1frKzqHP8PPBeKXnhmtmnMJw5xDzbMQLHHApU3w@mail.gmail.com>"}
{"timestamp": "2026-07-14T08:09:24.364789+00:00", "event": "IMAP Connected", "email": "arif.cgit@gmail.com", "imap_host": "imap.gmail.com", "imap_port": 993, "imap_encryption": "SSL/TLS", "success": true}
{"timestamp": "2026-07-14T08:12:48.479479+00:00", "event": "IMAP Connected", "email": "arif.cgit@gmail.com", "imap_host": "imap.gmail.com", "imap_port": 993, "imap_encryption": "SSL/TLS", "success": true}
{"timestamp": "2026-07-14T08:25:50.295165+00:00", "event": "IMAP Connected", "email": "arif.cgit@gmail.com", "imap_host": "imap.gmail.com", "imap_port": 993, "imap_encryption": "SSL/TLS", "success": true}
{"timestamp": "2026-07-15T05:57:57.937523+00:00", "event": "Synchronization Started", "flow": "bounce_detection", "account": "arif.cgit@gmail.com"}
{"timestamp": "2026-07-15T05:57:59.255013+00:00", "event": "IMAP Connected", "email": "arif.cgit@gmail.com", "imap_host": "imap.gmail.com", "imap_port": 993, "imap_encryption": "SSL/TLS", "success": true}
{"timestamp": "2026-07-15T05:57:59.663832+00:00", "event": "Mailbox Selected", "mailbox": "INBOX", "status": "OK"}
{"timestamp": "2026-07-15T05:57:59.664755+00:00", "event": "IMAP Search Criteria", "criteria": ["UNSEEN", "SINCE", "01-Jul-2026"], "mode": "UID SEARCH"}
{"timestamp": "2026-07-15T05:58:00.122317+00:00", "event": "Raw IMAP SEARCH Response", "mode": "UID SEARCH", "status": "OK", "raw_response": ["2123"]}
{"timestamp": "2026-07-15T05:58:00.122951+00:00", "event": "Unread Email Count", "count": 1}
{"timestamp": "2026-07-15T05:58:00.689069+00:00", "event": "Unread Email Inspected", "uid": "2123", "identifier": "2123", "subject": "Delivery Status Notification (Failure)", "from_email": "Mail Delivery Subsystem <mailer-daemon@googlemail.com>", "sender": "Mail Delivery Subsystem <mailer-daemon@googlemail.com>", "content_type": "multipart/report", "message_id": "<6a572021.09650520.223d99.7b22.GMR@mx.google.com>", "in_reply_to": "<e78a39d946d74a4a9ed7cd43786f1ff2.20260715055707948044@emailautomation-v2.local>", "references": "<e78a39d946d74a4a9ed7cd43786f1ff2.20260715055707948044@emailautomation-v2.local>", "classification": "Bounce", "classified_as_bounce": true, "bounce_email_message_id": "<6a572021.09650520.223d99.7b22.GMR@mx.google.com>"}
{"timestamp": "2026-07-15T05:58:00.692082+00:00", "event": "Bounce Message-ID Extraction", "identifier": "2123", "bounce_email_message_id": "<6a572021.09650520.223d99.7b22.GMR@mx.google.com>", "original_message_id": "<e78a39d946d74a4a9ed7cd43786f1ff2.20260715055707948044@emailautomation-v2.local>", "extraction_source": "In-Reply-To", "bounce_reason": "550-5.1.1 The email account that you tried to reach does not exist. Please try 550-5.1.1 double-checking the recipient's email address for typos or 550-5.1.1 unnecessary spaces. For more information, go to 550 5.1.1  https://support.google.com/mail/?p=NoSuchUser 98e67ed59e1d1-38e1fb96b9csor4077554a91.2 - gsmtp"}
{"timestamp": "2026-07-15T05:58:00.692800+00:00", "event": "Bounce Detected", "uid": "2123", "identifier": "2123", "bounce_email_message_id": "<6a572021.09650520.223d99.7b22.GMR@mx.google.com>", "extracted_original_message_id": "<e78a39d946d74a4a9ed7cd43786f1ff2.20260715055707948044@emailautomation-v2.local>", "original_message_id": "<e78a39d946d74a4a9ed7cd43786f1ff2.20260715055707948044@emailautomation-v2.local>", "extraction_source": "In-Reply-To", "bounce_reason": "550-5.1.1 The email account that you tried to reach does not exist. Please try 550-5.1.1 double-checking the recipient's email address for typos or 550-5.1.1 unnecessary spaces. For more information, go to 550 5.1.1  https://support.google.com/mail/?p=NoSuchUser 98e67ed59e1d1-38e1fb96b9csor4077554a91.2 - gsmtp", "sender": "Mail Delivery Subsystem <mailer-daemon@googlemail.com>", "api_called": true}
{"timestamp": "2026-07-15T05:58:00.693375+00:00", "event": "Register Bounce API Call", "called": true, "method": "POST", "url": "https://emailtrackingserver-v2-2.onrender.com/api/tracking/register-bounce", "payload": {"message_id": "<e78a39d946d74a4a9ed7cd43786f1ff2.20260715055707948044@emailautomation-v2.local>", "bounce_reason": "550-5.1.1 The email account that you tried to reach does not exist. Please try 550-5.1.1 double-checking the recipient's email address for typos or 550-5.1.1 unnecessary spaces. For more information, go to 550 5.1.1  https://support.google.com/mail/?p=NoSuchUser 98e67ed59e1d1-38e1fb96b9csor4077554a91.2 - gsmtp"}}
{"timestamp": "2026-07-15T05:58:00.693845+00:00", "event": "API Request", "method": "POST", "url": "https://emailtrackingserver-v2-2.onrender.com/api/tracking/register-bounce", "payload": {"message_id": "<e78a39d946d74a4a9ed7cd43786f1ff2.20260715055707948044@emailautomation-v2.local>", "bounce_reason": "550-5.1.1 The email account that you tried to reach does not exist. Please try 550-5.1.1 double-checking the recipient's email address for typos or 550-5.1.1 unnecessary spaces. For more information, go to 550 5.1.1  https://support.google.com/mail/?p=NoSuchUser 98e67ed59e1d1-38e1fb96b9csor4077554a91.2 - gsmtp"}}
{"timestamp": "2026-07-15T05:58:02.437724+00:00", "event": "API Response", "method": "POST", "url": "https://emailtrackingserver-v2-2.onrender.com/api/tracking/register-bounce", "http_status": 200, "response_body": "{\"success\":true,\"message_id\":\"<e78a39d946d74a4a9ed7cd43786f1ff2.20260715055707948044@emailautomation-v2.local>\",\"tracking_id\":\"14ddc9fa-a9c9-4018-a0ee-26eaae177878\",\"is_bounce\":1,\"bounce_time\":\"2026-07-15T05:53:24.307858Z\",\"bounce_reason\":\"550-5.1.1 The email account that you tried to reach does not exist. Please try 550-5.1.1 double-checking the recipient's email address for typos or 550-5.1.1 unnecessary spaces. For more information, go to 550 5.1.1  https://support.google.com/mail/?p=NoSuchUser 98e67ed59e1d1-38e1fb96b9csor4077554a91.2 - gsmtp\"}", "response": {"status_code": 200, "body": "{\"success\":true,\"message_id\":\"<e78a39d946d74a4a9ed7cd43786f1ff2.20260715055707948044@emailautomation-v2.local>\",\"tracking_id\":\"14ddc9fa-a9c9-4018-a0ee-26eaae177878\",\"is_bounce\":1,\"bounce_time\":\"2026-07-15T05:53:24.307858Z\",\"bounce_reason\":\"550-5.1.1 The email account that you tried to reach does not exist. Please try 550-5.1.1 double-checking the recipient's email address for typos or 550-5.1.1 unnecessary spaces. For more information, go to 550 5.1.1  https://support.google.com/mail/?p=NoSuchUser 98e67ed59e1d1-38e1fb96b9csor4077554a91.2 - gsmtp\"}", "json": {"success": true, "message_id": "<e78a39d946d74a4a9ed7cd43786f1ff2.20260715055707948044@emailautomation-v2.local>", "tracking_id": "14ddc9fa-a9c9-4018-a0ee-26eaae177878", "is_bounce": 1, "bounce_time": "2026-07-15T05:53:24.307858Z", "bounce_reason": "550-5.1.1 The email account that you tried to reach does not exist. Please try 550-5.1.1 double-checking the recipient's email address for typos or 550-5.1.1 unnecessary spaces. For more information, go to 550 5.1.1  https://support.google.com/mail/?p=NoSuchUser 98e67ed59e1d1-38e1fb96b9csor4077554a91.2 - gsmtp"}}}
{"timestamp": "2026-07-15T06:01:20.994697+00:00", "event": "Synchronization Started", "flow": "bounce_detection", "account": "arif.cgit@gmail.com"}
{"timestamp": "2026-07-15T06:01:22.342559+00:00", "event": "IMAP Connected", "email": "arif.cgit@gmail.com", "imap_host": "imap.gmail.com", "imap_port": 993, "imap_encryption": "SSL/TLS", "success": true}
{"timestamp": "2026-07-15T06:01:22.775324+00:00", "event": "Mailbox Selected", "mailbox": "INBOX", "status": "OK"}
{"timestamp": "2026-07-15T06:01:22.776080+00:00", "event": "IMAP Search Criteria", "criteria": ["UNSEEN", "SINCE", "01-Jul-2026"], "mode": "UID SEARCH"}
{"timestamp": "2026-07-15T06:01:23.145056+00:00", "event": "Raw IMAP SEARCH Response", "mode": "UID SEARCH", "status": "OK", "raw_response": [""]}
{"timestamp": "2026-07-15T06:01:23.145518+00:00", "event": "Unread Email Count", "count": 0}
{"timestamp": "2026-07-15T06:04:35.764739+00:00", "event": "Synchronization Started", "flow": "bounce_detection", "account": "arif.cgit@gmail.com"}
{"timestamp": "2026-07-15T06:04:36.907470+00:00", "event": "IMAP Connected", "email": "arif.cgit@gmail.com", "imap_host": "imap.gmail.com", "imap_port": 993, "imap_encryption": "SSL/TLS", "success": true}
{"timestamp": "2026-07-15T06:04:37.318664+00:00", "event": "Mailbox Selected", "mailbox": "INBOX", "status": "OK"}
{"timestamp": "2026-07-15T06:04:37.319387+00:00", "event": "IMAP Search Criteria", "criteria": ["UNSEEN", "SINCE", "01-Jul-2026"], "mode": "UID SEARCH"}
{"timestamp": "2026-07-15T06:04:37.729343+00:00", "event": "Raw IMAP SEARCH Response", "mode": "UID SEARCH", "status": "OK", "raw_response": ["2125"]}
{"timestamp": "2026-07-15T06:04:37.730337+00:00", "event": "Unread Email Count", "count": 1}
{"timestamp": "2026-07-15T06:04:38.182318+00:00", "event": "Unread Email Inspected", "uid": "2125", "identifier": "2125", "subject": "Re: Power People update: one ecosystem for digital business growth", "from_email": "Arifur Rahman <arif.cgit@gmail.com>", "sender": "Arifur Rahman <arif.cgit@gmail.com>", "content_type": "multipart/alternative", "message_id": "<CAMdjX74B4o0CihGicN63E36s3qN7hmesm-CGVwPjTWiOhhJ7Dg@mail.gmail.com>", "in_reply_to": "<c420bfd02776494cad2e8241615adc55.20260715060303550028@emailautomation-v2.local>", "references": "<c420bfd02776494cad2e8241615adc55.20260715060303550028@emailautomation-v2.local>", "classification": "Neither", "classified_as_bounce": false, "bounce_email_message_id": "<CAMdjX74B4o0CihGicN63E36s3qN7hmesm-CGVwPjTWiOhhJ7Dg@mail.gmail.com>"}
{"timestamp": "2026-07-15T06:05:18.571717+00:00", "event": "Synchronization Started", "flow": "bounce_detection", "account": "arif.cgit@gmail.com"}
{"timestamp": "2026-07-15T06:05:19.744190+00:00", "event": "IMAP Connected", "email": "arif.cgit@gmail.com", "imap_host": "imap.gmail.com", "imap_port": 993, "imap_encryption": "SSL/TLS", "success": true}
{"timestamp": "2026-07-15T06:05:20.092910+00:00", "event": "Mailbox Selected", "mailbox": "INBOX", "status": "OK"}
{"timestamp": "2026-07-15T06:05:20.093541+00:00", "event": "IMAP Search Criteria", "criteria": ["UNSEEN", "SINCE", "01-Jul-2026"], "mode": "UID SEARCH"}
{"timestamp": "2026-07-15T06:05:20.429219+00:00", "event": "Raw IMAP SEARCH Response", "mode": "UID SEARCH", "status": "OK", "raw_response": [""]}
{"timestamp": "2026-07-15T06:05:20.429707+00:00", "event": "Unread Email Count", "count": 0}
{"timestamp": "2026-07-15T06:05:32.277347+00:00", "event": "Synchronization Started", "flow": "bounce_detection", "account": "arif.cgit@gmail.com"}
{"timestamp": "2026-07-15T06:05:34.061301+00:00", "event": "IMAP Connected", "email": "arif.cgit@gmail.com", "imap_host": "imap.gmail.com", "imap_port": 993, "imap_encryption": "SSL/TLS", "success": true}
{"timestamp": "2026-07-15T06:05:35.036801+00:00", "event": "Mailbox Selected", "mailbox": "INBOX", "status": "OK"}
{"timestamp": "2026-07-15T06:05:35.037398+00:00", "event": "IMAP Search Criteria", "criteria": ["UNSEEN", "SINCE", "01-Jul-2026"], "mode": "UID SEARCH"}
{"timestamp": "2026-07-15T06:05:35.495044+00:00", "event": "Raw IMAP SEARCH Response", "mode": "UID SEARCH", "status": "OK", "raw_response": [""]}
{"timestamp": "2026-07-15T06:05:35.496065+00:00", "event": "Unread Email Count", "count": 0}
{"timestamp": "2026-07-15T06:05:40.292364+00:00", "event": "Synchronization Started", "flow": "bounce_detection", "account": "arif.cgit@gmail.com"}
{"timestamp": "2026-07-15T06:05:41.924582+00:00", "event": "IMAP Connected", "email": "arif.cgit@gmail.com", "imap_host": "imap.gmail.com", "imap_port": 993, "imap_encryption": "SSL/TLS", "success": true}
{"timestamp": "2026-07-15T06:05:42.263601+00:00", "event": "Mailbox Selected", "mailbox": "INBOX", "status": "OK"}
{"timestamp": "2026-07-15T06:05:42.265289+00:00", "event": "IMAP Search Criteria", "criteria": ["UNSEEN", "SINCE", "01-Jul-2026"], "mode": "UID SEARCH"}
{"timestamp": "2026-07-15T06:05:42.571498+00:00", "event": "Raw IMAP SEARCH Response", "mode": "UID SEARCH", "status": "OK", "raw_response": [""]}
{"timestamp": "2026-07-15T06:05:42.572482+00:00", "event": "Unread Email Count", "count": 0}
{"timestamp": "2026-07-15T06:27:25.451532+00:00", "event": "Synchronization Started", "flow": "bounce_detection", "account": "arif.cgit@gmail.com"}
{"timestamp": "2026-07-15T06:27:27.783198+00:00", "event": "IMAP Connected", "email": "arif.cgit@gmail.com", "imap_host": "imap.gmail.com", "imap_port": 993, "imap_encryption": "SSL/TLS", "success": true}
{"timestamp": "2026-07-15T06:27:28.138676+00:00", "event": "Mailbox Selected", "mailbox": "INBOX", "status": "OK"}
{"timestamp": "2026-07-15T06:27:28.139233+00:00", "event": "IMAP Search Criteria", "criteria": ["UNSEEN", "SINCE", "01-Jul-2026"], "mode": "UID SEARCH"}
{"timestamp": "2026-07-15T06:27:28.474067+00:00", "event": "Raw IMAP SEARCH Response", "mode": "UID SEARCH", "status": "OK", "raw_response": ["2126"]}
{"timestamp": "2026-07-15T06:27:28.474597+00:00", "event": "Unread Email Count", "count": 1}
{"timestamp": "2026-07-15T06:27:29.166379+00:00", "event": "Unread Email Inspected", "uid": "2126", "identifier": "2126", "subject": "Delivery Status Notification (Failure)", "from_email": "Mail Delivery Subsystem <mailer-daemon@googlemail.com>", "sender": "Mail Delivery Subsystem <mailer-daemon@googlemail.com>", "content_type": "multipart/report", "message_id": "<6a5726cc.94fb086c.23dc17.39cb.GMR@mx.google.com>", "in_reply_to": "<8b810e6fd25b424aa9345e6e544abbe4.20260715062535194522@emailautomation-v2.local>", "references": "<8b810e6fd25b424aa9345e6e544abbe4.20260715062535194522@emailautomation-v2.local>", "classification": "Bounce", "classified_as_bounce": true, "bounce_email_message_id": "<6a5726cc.94fb086c.23dc17.39cb.GMR@mx.google.com>"}
{"timestamp": "2026-07-15T06:27:29.168766+00:00", "event": "Bounce Message-ID Extraction", "identifier": "2126", "bounce_email_message_id": "<6a5726cc.94fb086c.23dc17.39cb.GMR@mx.google.com>", "original_message_id": "<8b810e6fd25b424aa9345e6e544abbe4.20260715062535194522@emailautomation-v2.local>", "extraction_source": "In-Reply-To", "bounce_reason": "550-5.1.1 The email account that you tried to reach does not exist. Please try 550-5.1.1 double-checking the recipient's email address for typos or 550-5.1.1 unnecessary spaces. For more information, go to 550 5.1.1  https://support.google.com/mail/?p=NoSuchUser d9443c01a7336-2cb6cad8cfcsor398411445ad.4 - gsmtp"}
{"timestamp": "2026-07-15T06:27:29.169195+00:00", "event": "Bounce Detected", "uid": "2126", "identifier": "2126", "bounce_email_message_id": "<6a5726cc.94fb086c.23dc17.39cb.GMR@mx.google.com>", "extracted_original_message_id": "<8b810e6fd25b424aa9345e6e544abbe4.20260715062535194522@emailautomation-v2.local>", "original_message_id": "<8b810e6fd25b424aa9345e6e544abbe4.20260715062535194522@emailautomation-v2.local>", "extraction_source": "In-Reply-To", "bounce_reason": "550-5.1.1 The email account that you tried to reach does not exist. Please try 550-5.1.1 double-checking the recipient's email address for typos or 550-5.1.1 unnecessary spaces. For more information, go to 550 5.1.1  https://support.google.com/mail/?p=NoSuchUser d9443c01a7336-2cb6cad8cfcsor398411445ad.4 - gsmtp", "sender": "Mail Delivery Subsystem <mailer-daemon@googlemail.com>", "api_called": true}
{"timestamp": "2026-07-15T06:27:29.169648+00:00", "event": "Register Bounce API Call", "called": true, "method": "POST", "url": "https://emailtrackingserver-v2-2.onrender.com/api/tracking/register-bounce", "payload": {"message_id": "<8b810e6fd25b424aa9345e6e544abbe4.20260715062535194522@emailautomation-v2.local>", "bounce_reason": "550-5.1.1 The email account that you tried to reach does not exist. Please try 550-5.1.1 double-checking the recipient's email address for typos or 550-5.1.1 unnecessary spaces. For more information, go to 550 5.1.1  https://support.google.com/mail/?p=NoSuchUser d9443c01a7336-2cb6cad8cfcsor398411445ad.4 - gsmtp"}}
{"timestamp": "2026-07-15T06:27:29.170055+00:00", "event": "API Request", "method": "POST", "url": "https://emailtrackingserver-v2-2.onrender.com/api/tracking/register-bounce", "payload": {"message_id": "<8b810e6fd25b424aa9345e6e544abbe4.20260715062535194522@emailautomation-v2.local>", "bounce_reason": "550-5.1.1 The email account that you tried to reach does not exist. Please try 550-5.1.1 double-checking the recipient's email address for typos or 550-5.1.1 unnecessary spaces. For more information, go to 550 5.1.1  https://support.google.com/mail/?p=NoSuchUser d9443c01a7336-2cb6cad8cfcsor398411445ad.4 - gsmtp"}}
{"timestamp": "2026-07-15T06:27:30.737041+00:00", "event": "API Response", "method": "POST", "url": "https://emailtrackingserver-v2-2.onrender.com/api/tracking/register-bounce", "http_status": 200, "response_body": "{\"success\":true,\"message_id\":\"<8b810e6fd25b424aa9345e6e544abbe4.20260715062535194522@emailautomation-v2.local>\",\"tracking_id\":\"5809cc71-f5ac-4993-b491-5e878e0e805a\",\"is_bounce\":1,\"bounce_time\":\"2026-07-15T06:22:52.862073Z\",\"bounce_reason\":\"550-5.1.1 The email account that you tried to reach does not exist. Please try 550-5.1.1 double-checking the recipient's email address for typos or 550-5.1.1 unnecessary spaces. For more information, go to 550 5.1.1  https://support.google.com/mail/?p=NoSuchUser d9443c01a7336-2cb6cad8cfcsor398411445ad.4 - gsmtp\"}", "response": {"status_code": 200, "body": "{\"success\":true,\"message_id\":\"<8b810e6fd25b424aa9345e6e544abbe4.20260715062535194522@emailautomation-v2.local>\",\"tracking_id\":\"5809cc71-f5ac-4993-b491-5e878e0e805a\",\"is_bounce\":1,\"bounce_time\":\"2026-07-15T06:22:52.862073Z\",\"bounce_reason\":\"550-5.1.1 The email account that you tried to reach does not exist. Please try 550-5.1.1 double-checking the recipient's email address for typos or 550-5.1.1 unnecessary spaces. For more information, go to 550 5.1.1  https://support.google.com/mail/?p=NoSuchUser d9443c01a7336-2cb6cad8cfcsor398411445ad.4 - gsmtp\"}", "json": {"success": true, "message_id": "<8b810e6fd25b424aa9345e6e544abbe4.20260715062535194522@emailautomation-v2.local>", "tracking_id": "5809cc71-f5ac-4993-b491-5e878e0e805a", "is_bounce": 1, "bounce_time": "2026-07-15T06:22:52.862073Z", "bounce_reason": "550-5.1.1 The email account that you tried to reach does not exist. Please try 550-5.1.1 double-checking the recipient's email address for typos or 550-5.1.1 unnecessary spaces. For more information, go to 550 5.1.1  https://support.google.com/mail/?p=NoSuchUser d9443c01a7336-2cb6cad8cfcsor398411445ad.4 - gsmtp"}}}
{"timestamp": "2026-07-15T06:30:00.347725+00:00", "event": "Synchronization Started", "flow": "bounce_detection", "account": "arif.cgit@gmail.com"}
{"timestamp": "2026-07-15T06:30:02.570321+00:00", "event": "IMAP Connected", "email": "arif.cgit@gmail.com", "imap_host": "imap.gmail.com", "imap_port": 993, "imap_encryption": "SSL/TLS", "success": true}
{"timestamp": "2026-07-15T06:30:03.182226+00:00", "event": "Mailbox Selected", "mailbox": "INBOX", "status": "OK"}
{"timestamp": "2026-07-15T06:30:03.182832+00:00", "event": "IMAP Search Criteria", "criteria": ["UNSEEN", "SINCE", "01-Jul-2026"], "mode": "UID SEARCH"}
{"timestamp": "2026-07-15T06:30:03.508782+00:00", "event": "Raw IMAP SEARCH Response", "mode": "UID SEARCH", "status": "OK", "raw_response": ["2127"]}
{"timestamp": "2026-07-15T06:30:03.509747+00:00", "event": "Unread Email Count", "count": 1}
{"timestamp": "2026-07-15T06:30:04.266500+00:00", "event": "Unread Email Inspected", "uid": "2127", "identifier": "2127", "subject": "Re: Power People update: one ecosystem for digital business growth", "from_email": "Arifur Rahman <arif.bd08060@gmail.com>", "sender": "Arifur Rahman <arif.bd08060@gmail.com>", "content_type": "multipart/alternative", "message_id": "<CAMXsa6NnKFFd5Fy+k53PXTnWx1X5nfPMsasp+8taWyB5yjD_dA@mail.gmail.com>", "in_reply_to": "<a873a0a4cd094a8a86ef3eae1e7fbc3a.20260715062513502228@emailautomation-v2.local>", "references": "<a873a0a4cd094a8a86ef3eae1e7fbc3a.20260715062513502228@emailautomation-v2.local>", "classification": "Neither", "classified_as_bounce": false, "bounce_email_message_id": "<CAMXsa6NnKFFd5Fy+k53PXTnWx1X5nfPMsasp+8taWyB5yjD_dA@mail.gmail.com>"}
{"timestamp": "2026-07-15T06:31:39.860376+00:00", "event": "Synchronization Started", "flow": "bounce_detection", "account": "arif.cgit@gmail.com"}
{"timestamp": "2026-07-15T06:31:41.172491+00:00", "event": "IMAP Connected", "email": "arif.cgit@gmail.com", "imap_host": "imap.gmail.com", "imap_port": 993, "imap_encryption": "SSL/TLS", "success": true}
{"timestamp": "2026-07-15T06:31:41.567989+00:00", "event": "Mailbox Selected", "mailbox": "INBOX", "status": "OK"}
{"timestamp": "2026-07-15T06:31:41.568788+00:00", "event": "IMAP Search Criteria", "criteria": ["UNSEEN", "SINCE", "01-Jul-2026"], "mode": "UID SEARCH"}
{"timestamp": "2026-07-15T06:31:42.183870+00:00", "event": "Raw IMAP SEARCH Response", "mode": "UID SEARCH", "status": "OK", "raw_response": [""]}
{"timestamp": "2026-07-15T06:31:42.185055+00:00", "event": "Unread Email Count", "count": 0}
{"timestamp": "2026-07-15T06:35:29.122581+00:00", "event": "Synchronization Started", "flow": "bounce_detection", "account": "arif.cgit@gmail.com"}
{"timestamp": "2026-07-15T06:35:30.496124+00:00", "event": "IMAP Connected", "email": "arif.cgit@gmail.com", "imap_host": "imap.gmail.com", "imap_port": 993, "imap_encryption": "SSL/TLS", "success": true}
{"timestamp": "2026-07-15T06:35:30.994435+00:00", "event": "Mailbox Selected", "mailbox": "INBOX", "status": "OK"}
{"timestamp": "2026-07-15T06:35:30.995250+00:00", "event": "IMAP Search Criteria", "criteria": ["UNSEEN", "SINCE", "01-Jul-2026"], "mode": "UID SEARCH"}
{"timestamp": "2026-07-15T06:35:31.361893+00:00", "event": "Raw IMAP SEARCH Response", "mode": "UID SEARCH", "status": "OK", "raw_response": [""]}
{"timestamp": "2026-07-15T06:35:31.362528+00:00", "event": "Unread Email Count", "count": 0}
