{"timestamp": "2026-07-11T08:44:01.536563+00:00", "event": "Mailbox connection", "email": "arif.cgit@gmail.com", "imap_host": "imap.gmail.com", "imap_port": 993, "imap_encryption": "SSL/TLS"}
{"timestamp": "2026-07-11T08:46:53.251888+00:00", "event": "Mailbox connection", "email": "arif.cgit@gmail.com", "imap_host": "imap.gmail.com", "imap_port": 993, "imap_encryption": "SSL/TLS"}
{"timestamp": "2026-07-11T08:49:17.397184+00:00", "event": "Mailbox connection", "email": "arif.cgit@gmail.com", "imap_host": "imap.gmail.com", "imap_port": 993, "imap_encryption": "SSL/TLS"}
{"timestamp": "2026-07-11T08:49:19.994210+00:00", "event": "Reply detected", "account": "arif.cgit@gmail.com", "original_message_id": "<6a5201fd.f732ad81.3a4994.e0fd@mx.google.com>", "reply_message_id": "<CAMdjX75T-iycYUstJJPWq2-SnP8DyETkyNGa+kfteqSt_ua2qQ@mail.gmail.com>", "from_email": "arif.cgit@gmail.com", "reply_time": "2026-07-11T08:43:27+00:00"}
{"timestamp": "2026-07-11T08:49:19.996262+00:00", "event": "API request", "method": "POST", "url": "https://emailtrackingserver-v2-2.onrender.com/api/tracking/register-reply", "payload": {"message_id": "<6a5201fd.f732ad81.3a4994.e0fd@mx.google.com>", "from_email": "arif.cgit@gmail.com", "reply_time": "2026-07-11T08:43:27+00:00"}}
{"timestamp": "2026-07-11T08:49:20.784485+00:00", "event": "Errors", "account": "arif.cgit@gmail.com", "message_number": "b'1697'", "error": "HTTP Error 422: Unprocessable Entity"}
{"timestamp": "2026-07-11T08:52:01.646678+00:00", "event": "Mailbox connection", "email": "arif.cgit@gmail.com", "imap_host": "imap.gmail.com", "imap_port": 993, "imap_encryption": "SSL/TLS"}
{"timestamp": "2026-07-11T08:58:01.699391+00:00", "event": "Mailbox connection", "email": "arif.cgit@gmail.com", "imap_host": "imap.gmail.com", "imap_port": 993, "imap_encryption": "SSL/TLS"}
{"timestamp": "2026-07-11T08:58:03.672410+00:00", "event": "Reply detected", "account": "arif.cgit@gmail.com", "original_message_id": "<6a51b0d3.07d7ca98.9dee3.4c00@mx.google.com>", "reply_message_id": "<CAFa9G2Aq6Tbpk9ZxzacbULvMzGxOkZU3-buZxmkV6Lq+USzKnQ@mail.gmail.com>", "from_email": "arif.bd08062@gmail.com", "reply_time": "2026-07-11T08:53:08+00:00"}
{"timestamp": "2026-07-11T08:58:03.672891+00:00", "event": "API request", "method": "POST", "url": "https://emailtrackingserver-v2-2.onrender.com/api/tracking/register-reply", "payload": {"message_id": "<6a51b0d3.07d7ca98.9dee3.4c00@mx.google.com>", "from_email": "arif.bd08062@gmail.com", "reply_time": "2026-07-11T08:53:08+00:00"}}
{"timestamp": "2026-07-11T08:58:04.512645+00:00", "event": "Errors", "account": "arif.cgit@gmail.com", "message_number": "b'1698'", "error": "HTTP Error 422: Unprocessable Entity"}
{"timestamp": "2026-07-11T09:04:01.754319+00:00", "event": "Mailbox connection", "email": "arif.cgit@gmail.com", "imap_host": "imap.gmail.com", "imap_port": 993, "imap_encryption": "SSL/TLS"}
{"timestamp": "2026-07-11T09:10:01.812654+00:00", "event": "Mailbox connection", "email": "arif.cgit@gmail.com", "imap_host": "imap.gmail.com", "imap_port": 993, "imap_encryption": "SSL/TLS"}
{"timestamp": "2026-07-11T09:14:37.977391+00:00", "event": "Mailbox connection", "email": "arif.cgit@gmail.com", "imap_host": "imap.gmail.com", "imap_port": 993, "imap_encryption": "SSL/TLS"}
{"timestamp": "2026-07-11T09:20:38.027646+00:00", "event": "Mailbox connection", "email": "arif.cgit@gmail.com", "imap_host": "imap.gmail.com", "imap_port": 993, "imap_encryption": "SSL/TLS"}
{"timestamp": "2026-07-11T09:20:40.214111+00:00", "event": "Reply detected", "account": "arif.cgit@gmail.com", "original_message_id": "<9236e7e61b38444895767256d613abf3.20260711091512070357@emailautomation-v2.local>", "reply_message_id": "<CAMXsa6PrZTRsshOoYALLbKY8wcDWfOyAVn7F+WV8b_tF-81hcA@mail.gmail.com>", "from_email": "arif.bd08060@gmail.com", "reply_time": "2026-07-11T09:11:31+00:00"}
{"timestamp": "2026-07-11T09:20:40.214584+00:00", "event": "API request", "method": "POST", "url": "https://emailtrackingserver-v2-2.onrender.com/api/tracking/register-reply", "payload": {"message_id": "<9236e7e61b38444895767256d613abf3.20260711091512070357@emailautomation-v2.local>", "from_email": "arif.bd08060@gmail.com", "reply_time": "2026-07-11T09:11:31+00:00"}}
{"timestamp": "2026-07-11T09:20:41.134628+00:00", "event": "Errors", "account": "arif.cgit@gmail.com", "message_number": "b'1699'", "error": "HTTP Error 422: Unprocessable Entity"}
{"timestamp": "2026-07-11T09:26:38.079978+00:00", "event": "Mailbox connection", "email": "arif.cgit@gmail.com", "imap_host": "imap.gmail.com", "imap_port": 993, "imap_encryption": "SSL/TLS"}
{"timestamp": "2026-07-11T09:32:38.156151+00:00", "event": "Mailbox connection", "email": "arif.cgit@gmail.com", "imap_host": "imap.gmail.com", "imap_port": 993, "imap_encryption": "SSL/TLS"}
{"timestamp": "2026-07-11T09:38:38.202805+00:00", "event": "Mailbox connection", "email": "arif.cgit@gmail.com", "imap_host": "imap.gmail.com", "imap_port": 993, "imap_encryption": "SSL/TLS"}
{"timestamp": "2026-07-11T09:44:38.242442+00:00", "event": "Mailbox connection", "email": "arif.cgit@gmail.com", "imap_host": "imap.gmail.com", "imap_port": 993, "imap_encryption": "SSL/TLS"}
{"timestamp": "2026-07-11T09:50:38.295930+00:00", "event": "Mailbox connection", "email": "arif.cgit@gmail.com", "imap_host": "imap.gmail.com", "imap_port": 993, "imap_encryption": "SSL/TLS"}
{"timestamp": "2026-07-11T09:56:38.339865+00:00", "event": "Mailbox connection", "email": "arif.cgit@gmail.com", "imap_host": "imap.gmail.com", "imap_port": 993, "imap_encryption": "SSL/TLS"}
{"timestamp": "2026-07-11T10:02:38.380838+00:00", "event": "Mailbox connection", "email": "arif.cgit@gmail.com", "imap_host": "imap.gmail.com", "imap_port": 993, "imap_encryption": "SSL/TLS"}
{"timestamp": "2026-07-11T10:08:38.418214+00:00", "event": "Mailbox connection", "email": "arif.cgit@gmail.com", "imap_host": "imap.gmail.com", "imap_port": 993, "imap_encryption": "SSL/TLS"}
{"timestamp": "2026-07-11T10:14:38.449590+00:00", "event": "Mailbox connection", "email": "arif.cgit@gmail.com", "imap_host": "imap.gmail.com", "imap_port": 993, "imap_encryption": "SSL/TLS"}
{"timestamp": "2026-07-11T10:20:38.516546+00:00", "event": "Mailbox connection", "email": "arif.cgit@gmail.com", "imap_host": "imap.gmail.com", "imap_port": 993, "imap_encryption": "SSL/TLS"}
{"timestamp": "2026-07-11T10:20:41.319394+00:00", "event": "Reply detected", "account": "arif.cgit@gmail.com", "original_message_id": "<75cc18cb401e4ba3a2eb3baacedb87cd.20260711101601816852@emailautomation-v2.local>", "reply_message_id": "<CAD7yvik0OQPHN8_WkJri+fsvAbdjZ76mELZevzzhi9wFJh8=2g@mail.gmail.com>", "from_email": "arifur.rahman0805@gmail.com", "reply_time": "2026-07-11T10:13:03+00:00"}
{"timestamp": "2026-07-11T10:20:41.320041+00:00", "event": "API request", "method": "POST", "url": "https://emailtrackingserver-v2-2.onrender.com/api/tracking/register-reply", "payload": {"message_id": "<75cc18cb401e4ba3a2eb3baacedb87cd.20260711101601816852@emailautomation-v2.local>", "from_email": "arifur.rahman0805@gmail.com", "reply_time": "2026-07-11T10:13:03+00:00"}}
{"timestamp": "2026-07-11T10:20:42.825888+00:00", "event": "API response", "method": "POST", "url": "https://emailtrackingserver-v2-2.onrender.com/api/tracking/register-reply", "response": {"status_code": 200, "body": "{\"success\":true,\"message_id\":\"<75cc18cb401e4ba3a2eb3baacedb87cd.20260711101601816852@emailautomation-v2.local>\",\"tracking_id\":\"9b1da895-675d-4a69-903e-6508133147b1\",\"reply_count\":1,\"first_reply\":\"2026-07-11T10:13:03Z\",\"last_reply\":\"2026-07-11T10:13:03Z\"}", "json": {"success": true, "message_id": "<75cc18cb401e4ba3a2eb3baacedb87cd.20260711101601816852@emailautomation-v2.local>", "tracking_id": "9b1da895-675d-4a69-903e-6508133147b1", "reply_count": 1, "first_reply": "2026-07-11T10:13:03Z", "last_reply": "2026-07-11T10:13:03Z"}}}
{"timestamp": "2026-07-11T10:26:38.567886+00:00", "event": "Mailbox connection", "email": "arif.cgit@gmail.com", "imap_host": "imap.gmail.com", "imap_port": 993, "imap_encryption": "SSL/TLS"}
{"timestamp": "2026-07-11T10:26:40.972018+00:00", "event": "Reply detected", "account": "arif.cgit@gmail.com", "original_message_id": "<75cc18cb401e4ba3a2eb3baacedb87cd.20260711101601816852@emailautomation-v2.local>", "reply_message_id": "<CAD7yvi=ukDoZVxKCA69==qhNq6vze-oV6Bjk2iXx0bAip7ujVg@mail.gmail.com>", "from_email": "arifur.rahman0805@gmail.com", "reply_time": "2026-07-11T10:16:43+00:00"}
{"timestamp": "2026-07-11T10:26:40.972698+00:00", "event": "API request", "method": "POST", "url": "https://emailtrackingserver-v2-2.onrender.com/api/tracking/register-reply", "payload": {"message_id": "<75cc18cb401e4ba3a2eb3baacedb87cd.20260711101601816852@emailautomation-v2.local>", "from_email": "arifur.rahman0805@gmail.com", "reply_time": "2026-07-11T10:16:43+00:00"}}
{"timestamp": "2026-07-11T10:26:42.581041+00:00", "event": "API response", "method": "POST", "url": "https://emailtrackingserver-v2-2.onrender.com/api/tracking/register-reply", "response": {"status_code": 200, "body": "{\"success\":true,\"message_id\":\"<75cc18cb401e4ba3a2eb3baacedb87cd.20260711101601816852@emailautomation-v2.local>\",\"tracking_id\":\"9b1da895-675d-4a69-903e-6508133147b1\",\"reply_count\":2,\"first_reply\":\"2026-07-11T10:13:03Z\",\"last_reply\":\"2026-07-11T10:16:43Z\"}", "json": {"success": true, "message_id": "<75cc18cb401e4ba3a2eb3baacedb87cd.20260711101601816852@emailautomation-v2.local>", "tracking_id": "9b1da895-675d-4a69-903e-6508133147b1", "reply_count": 2, "first_reply": "2026-07-11T10:13:03Z", "last_reply": "2026-07-11T10:16:43Z"}}}
{"timestamp": "2026-07-11T10:32:38.633309+00:00", "event": "Mailbox connection", "email": "arif.cgit@gmail.com", "imap_host": "imap.gmail.com", "imap_port": 993, "imap_encryption": "SSL/TLS"}
{"timestamp": "2026-07-11T10:38:38.690138+00:00", "event": "Mailbox connection", "email": "arif.cgit@gmail.com", "imap_host": "imap.gmail.com", "imap_port": 993, "imap_encryption": "SSL/TLS"}
{"timestamp": "2026-07-11T10:44:38.755599+00:00", "event": "Mailbox connection", "email": "arif.cgit@gmail.com", "imap_host": "imap.gmail.com", "imap_port": 993, "imap_encryption": "SSL/TLS"}
{"timestamp": "2026-07-11T10:50:38.800707+00:00", "event": "Mailbox connection", "email": "arif.cgit@gmail.com", "imap_host": "imap.gmail.com", "imap_port": 993, "imap_encryption": "SSL/TLS"}
{"timestamp": "2026-07-11T10:56:38.837458+00:00", "event": "Mailbox connection", "email": "arif.cgit@gmail.com", "imap_host": "imap.gmail.com", "imap_port": 993, "imap_encryption": "SSL/TLS"}
{"timestamp": "2026-07-11T11:02:38.907728+00:00", "event": "Mailbox connection", "email": "arif.cgit@gmail.com", "imap_host": "imap.gmail.com", "imap_port": 993, "imap_encryption": "SSL/TLS"}
{"timestamp": "2026-07-11T11:08:38.943169+00:00", "event": "Mailbox connection", "email": "arif.cgit@gmail.com", "imap_host": "imap.gmail.com", "imap_port": 993, "imap_encryption": "SSL/TLS"}
{"timestamp": "2026-07-11T11:14:38.981448+00:00", "event": "Mailbox connection", "email": "arif.cgit@gmail.com", "imap_host": "imap.gmail.com", "imap_port": 993, "imap_encryption": "SSL/TLS"}
{"timestamp": "2026-07-11T11:20:39.043995+00:00", "event": "Mailbox connection", "email": "arif.cgit@gmail.com", "imap_host": "imap.gmail.com", "imap_port": 993, "imap_encryption": "SSL/TLS"}
{"timestamp": "2026-07-11T11:26:39.081426+00:00", "event": "Mailbox connection", "email": "arif.cgit@gmail.com", "imap_host": "imap.gmail.com", "imap_port": 993, "imap_encryption": "SSL/TLS"}
{"timestamp": "2026-07-11T11:32:39.129958+00:00", "event": "Mailbox connection", "email": "arif.cgit@gmail.com", "imap_host": "imap.gmail.com", "imap_port": 993, "imap_encryption": "SSL/TLS"}
{"timestamp": "2026-07-11T11:38:39.163573+00:00", "event": "Mailbox connection", "email": "arif.cgit@gmail.com", "imap_host": "imap.gmail.com", "imap_port": 993, "imap_encryption": "SSL/TLS"}
{"timestamp": "2026-07-11T11:44:39.214182+00:00", "event": "Mailbox connection", "email": "arif.cgit@gmail.com", "imap_host": "imap.gmail.com", "imap_port": 993, "imap_encryption": "SSL/TLS"}
{"timestamp": "2026-07-11T11:50:39.265699+00:00", "event": "Mailbox connection", "email": "arif.cgit@gmail.com", "imap_host": "imap.gmail.com", "imap_port": 993, "imap_encryption": "SSL/TLS"}
{"timestamp": "2026-07-11T11:56:39.303254+00:00", "event": "Mailbox connection", "email": "arif.cgit@gmail.com", "imap_host": "imap.gmail.com", "imap_port": 993, "imap_encryption": "SSL/TLS"}
{"timestamp": "2026-07-11T12:02:39.354089+00:00", "event": "Mailbox connection", "email": "arif.cgit@gmail.com", "imap_host": "imap.gmail.com", "imap_port": 993, "imap_encryption": "SSL/TLS"}
{"timestamp": "2026-07-11T12:08:39.388073+00:00", "event": "Mailbox connection", "email": "arif.cgit@gmail.com", "imap_host": "imap.gmail.com", "imap_port": 993, "imap_encryption": "SSL/TLS"}
{"timestamp": "2026-07-11T12:14:39.420496+00:00", "event": "Mailbox connection", "email": "arif.cgit@gmail.com", "imap_host": "imap.gmail.com", "imap_port": 993, "imap_encryption": "SSL/TLS"}
{"timestamp": "2026-07-11T12:20:39.459908+00:00", "event": "Mailbox connection", "email": "arif.cgit@gmail.com", "imap_host": "imap.gmail.com", "imap_port": 993, "imap_encryption": "SSL/TLS"}
{"timestamp": "2026-07-11T12:26:39.510397+00:00", "event": "Mailbox connection", "email": "arif.cgit@gmail.com", "imap_host": "imap.gmail.com", "imap_port": 993, "imap_encryption": "SSL/TLS"}
{"timestamp": "2026-07-11T12:32:39.542966+00:00", "event": "Mailbox connection", "email": "arif.cgit@gmail.com", "imap_host": "imap.gmail.com", "imap_port": 993, "imap_encryption": "SSL/TLS"}
{"timestamp": "2026-07-11T12:38:39.581209+00:00", "event": "Mailbox connection", "email": "arif.cgit@gmail.com", "imap_host": "imap.gmail.com", "imap_port": 993, "imap_encryption": "SSL/TLS"}
{"timestamp": "2026-07-11T12:44:39.618176+00:00", "event": "Mailbox connection", "email": "arif.cgit@gmail.com", "imap_host": "imap.gmail.com", "imap_port": 993, "imap_encryption": "SSL/TLS"}
{"timestamp": "2026-07-11T12:50:39.655768+00:00", "event": "Mailbox connection", "email": "arif.cgit@gmail.com", "imap_host": "imap.gmail.com", "imap_port": 993, "imap_encryption": "SSL/TLS"}
{"timestamp": "2026-07-11T12:56:39.686342+00:00", "event": "Mailbox connection", "email": "arif.cgit@gmail.com", "imap_host": "imap.gmail.com", "imap_port": 993, "imap_encryption": "SSL/TLS"}
{"timestamp": "2026-07-11T13:02:39.744918+00:00", "event": "Mailbox connection", "email": "arif.cgit@gmail.com", "imap_host": "imap.gmail.com", "imap_port": 993, "imap_encryption": "SSL/TLS"}
{"timestamp": "2026-07-11T13:08:39.784935+00:00", "event": "Mailbox connection", "email": "arif.cgit@gmail.com", "imap_host": "imap.gmail.com", "imap_port": 993, "imap_encryption": "SSL/TLS"}
{"timestamp": "2026-07-11T13:14:39.821229+00:00", "event": "Mailbox connection", "email": "arif.cgit@gmail.com", "imap_host": "imap.gmail.com", "imap_port": 993, "imap_encryption": "SSL/TLS"}
{"timestamp": "2026-07-11T13:20:39.889457+00:00", "event": "Mailbox connection", "email": "arif.cgit@gmail.com", "imap_host": "imap.gmail.com", "imap_port": 993, "imap_encryption": "SSL/TLS"}
{"timestamp": "2026-07-11T13:26:39.933086+00:00", "event": "Mailbox connection", "email": "arif.cgit@gmail.com", "imap_host": "imap.gmail.com", "imap_port": 993, "imap_encryption": "SSL/TLS"}
{"timestamp": "2026-07-11T13:32:39.977909+00:00", "event": "Mailbox connection", "email": "arif.cgit@gmail.com", "imap_host": "imap.gmail.com", "imap_port": 993, "imap_encryption": "SSL/TLS"}
{"timestamp": "2026-07-11T13:38:40.031877+00:00", "event": "Mailbox connection", "email": "arif.cgit@gmail.com", "imap_host": "imap.gmail.com", "imap_port": 993, "imap_encryption": "SSL/TLS"}
{"timestamp": "2026-07-11T13:44:40.072289+00:00", "event": "Mailbox connection", "email": "arif.cgit@gmail.com", "imap_host": "imap.gmail.com", "imap_port": 993, "imap_encryption": "SSL/TLS"}
{"timestamp": "2026-07-11T13:50:40.104145+00:00", "event": "Mailbox connection", "email": "arif.cgit@gmail.com", "imap_host": "imap.gmail.com", "imap_port": 993, "imap_encryption": "SSL/TLS"}
{"timestamp": "2026-07-11T13:56:40.145108+00:00", "event": "Mailbox connection", "email": "arif.cgit@gmail.com", "imap_host": "imap.gmail.com", "imap_port": 993, "imap_encryption": "SSL/TLS"}
{"timestamp": "2026-07-11T14:02:40.191419+00:00", "event": "Mailbox connection", "email": "arif.cgit@gmail.com", "imap_host": "imap.gmail.com", "imap_port": 993, "imap_encryption": "SSL/TLS"}
{"timestamp": "2026-07-11T14:08:40.240879+00:00", "event": "Mailbox connection", "email": "arif.cgit@gmail.com", "imap_host": "imap.gmail.com", "imap_port": 993, "imap_encryption": "SSL/TLS"}
{"timestamp": "2026-07-11T14:14:40.281875+00:00", "event": "Mailbox connection", "email": "arif.cgit@gmail.com", "imap_host": "imap.gmail.com", "imap_port": 993, "imap_encryption": "SSL/TLS"}
{"timestamp": "2026-07-11T14:20:40.321895+00:00", "event": "Mailbox connection", "email": "arif.cgit@gmail.com", "imap_host": "imap.gmail.com", "imap_port": 993, "imap_encryption": "SSL/TLS"}
{"timestamp": "2026-07-11T14:26:40.369761+00:00", "event": "Mailbox connection", "email": "arif.cgit@gmail.com", "imap_host": "imap.gmail.com", "imap_port": 993, "imap_encryption": "SSL/TLS"}
{"timestamp": "2026-07-11T14:32:40.440701+00:00", "event": "Mailbox connection", "email": "arif.cgit@gmail.com", "imap_host": "imap.gmail.com", "imap_port": 993, "imap_encryption": "SSL/TLS"}
{"timestamp": "2026-07-11T14:38:40.489526+00:00", "event": "Mailbox connection", "email": "arif.cgit@gmail.com", "imap_host": "imap.gmail.com", "imap_port": 993, "imap_encryption": "SSL/TLS"}
{"timestamp": "2026-07-11T14:44:40.537489+00:00", "event": "Mailbox connection", "email": "arif.cgit@gmail.com", "imap_host": "imap.gmail.com", "imap_port": 993, "imap_encryption": "SSL/TLS"}
{"timestamp": "2026-07-11T14:50:40.587978+00:00", "event": "Mailbox connection", "email": "arif.cgit@gmail.com", "imap_host": "imap.gmail.com", "imap_port": 993, "imap_encryption": "SSL/TLS"}
{"timestamp": "2026-07-11T14:56:40.618446+00:00", "event": "Mailbox connection", "email": "arif.cgit@gmail.com", "imap_host": "imap.gmail.com", "imap_port": 993, "imap_encryption": "SSL/TLS"}
{"timestamp": "2026-07-11T15:02:40.661425+00:00", "event": "Mailbox connection", "email": "arif.cgit@gmail.com", "imap_host": "imap.gmail.com", "imap_port": 993, "imap_encryption": "SSL/TLS"}
{"timestamp": "2026-07-11T15:08:40.717965+00:00", "event": "Mailbox connection", "email": "arif.cgit@gmail.com", "imap_host": "imap.gmail.com", "imap_port": 993, "imap_encryption": "SSL/TLS"}
{"timestamp": "2026-07-11T15:14:40.746594+00:00", "event": "Mailbox connection", "email": "arif.cgit@gmail.com", "imap_host": "imap.gmail.com", "imap_port": 993, "imap_encryption": "SSL/TLS"}
{"timestamp": "2026-07-11T15:20:40.787010+00:00", "event": "Mailbox connection", "email": "arif.cgit@gmail.com", "imap_host": "imap.gmail.com", "imap_port": 993, "imap_encryption": "SSL/TLS"}
{"timestamp": "2026-07-11T15:26:40.832925+00:00", "event": "Mailbox connection", "email": "arif.cgit@gmail.com", "imap_host": "imap.gmail.com", "imap_port": 993, "imap_encryption": "SSL/TLS"}
{"timestamp": "2026-07-11T15:32:40.885713+00:00", "event": "Mailbox connection", "email": "arif.cgit@gmail.com", "imap_host": "imap.gmail.com", "imap_port": 993, "imap_encryption": "SSL/TLS"}
{"timestamp": "2026-07-11T15:38:40.906580+00:00", "event": "Mailbox connection", "email": "arif.cgit@gmail.com", "imap_host": "imap.gmail.com", "imap_port": 993, "imap_encryption": "SSL/TLS"}
{"timestamp": "2026-07-11T15:44:40.966105+00:00", "event": "Mailbox connection", "email": "arif.cgit@gmail.com", "imap_host": "imap.gmail.com", "imap_port": 993, "imap_encryption": "SSL/TLS"}
{"timestamp": "2026-07-11T15:50:41.015406+00:00", "event": "Mailbox connection", "email": "arif.cgit@gmail.com", "imap_host": "imap.gmail.com", "imap_port": 993, "imap_encryption": "SSL/TLS"}
{"timestamp": "2026-07-11T15:56:41.088508+00:00", "event": "Mailbox connection", "email": "arif.cgit@gmail.com", "imap_host": "imap.gmail.com", "imap_port": 993, "imap_encryption": "SSL/TLS"}
{"timestamp": "2026-07-11T16:02:41.153094+00:00", "event": "Mailbox connection", "email": "arif.cgit@gmail.com", "imap_host": "imap.gmail.com", "imap_port": 993, "imap_encryption": "SSL/TLS"}
{"timestamp": "2026-07-12T05:37:24.229311+00:00", "event": "Mailbox connection", "email": "arif.cgit@gmail.com", "imap_host": "imap.gmail.com", "imap_port": 993, "imap_encryption": "SSL/TLS"}
{"timestamp": "2026-07-12T12:29:13.364959+00:00", "event": "Mailbox connection", "email": "arif.cgit@gmail.com", "imap_host": "imap.gmail.com", "imap_port": 993, "imap_encryption": "SSL/TLS"}
{"timestamp": "2026-07-12T12:35:13.417658+00:00", "event": "Mailbox connection", "email": "arif.cgit@gmail.com", "imap_host": "imap.gmail.com", "imap_port": 993, "imap_encryption": "SSL/TLS"}
{"timestamp": "2026-07-12T12:41:13.443947+00:00", "event": "Mailbox connection", "email": "arif.cgit@gmail.com", "imap_host": "imap.gmail.com", "imap_port": 993, "imap_encryption": "SSL/TLS"}
{"timestamp": "2026-07-12T12:47:13.481744+00:00", "event": "Mailbox connection", "email": "arif.cgit@gmail.com", "imap_host": "imap.gmail.com", "imap_port": 993, "imap_encryption": "SSL/TLS"}
{"timestamp": "2026-07-12T12:53:13.552410+00:00", "event": "Mailbox connection", "email": "arif.cgit@gmail.com", "imap_host": "imap.gmail.com", "imap_port": 993, "imap_encryption": "SSL/TLS"}
{"timestamp": "2026-07-12T12:59:13.603925+00:00", "event": "Mailbox connection", "email": "arif.cgit@gmail.com", "imap_host": "imap.gmail.com", "imap_port": 993, "imap_encryption": "SSL/TLS"}
{"timestamp": "2026-07-12T13:05:13.659029+00:00", "event": "Mailbox connection", "email": "arif.cgit@gmail.com", "imap_host": "imap.gmail.com", "imap_port": 993, "imap_encryption": "SSL/TLS"}
{"timestamp": "2026-07-12T13:11:13.700092+00:00", "event": "Mailbox connection", "email": "arif.cgit@gmail.com", "imap_host": "imap.gmail.com", "imap_port": 993, "imap_encryption": "SSL/TLS"}
{"timestamp": "2026-07-12T13:17:13.728760+00:00", "event": "Mailbox connection", "email": "arif.cgit@gmail.com", "imap_host": "imap.gmail.com", "imap_port": 993, "imap_encryption": "SSL/TLS"}
{"timestamp": "2026-07-12T13:23:13.793527+00:00", "event": "Mailbox connection", "email": "arif.cgit@gmail.com", "imap_host": "imap.gmail.com", "imap_port": 993, "imap_encryption": "SSL/TLS"}
{"timestamp": "2026-07-12T13:29:13.838567+00:00", "event": "Mailbox connection", "email": "arif.cgit@gmail.com", "imap_host": "imap.gmail.com", "imap_port": 993, "imap_encryption": "SSL/TLS"}
{"timestamp": "2026-07-12T13:35:13.882727+00:00", "event": "Mailbox connection", "email": "arif.cgit@gmail.com", "imap_host": "imap.gmail.com", "imap_port": 993, "imap_encryption": "SSL/TLS"}
{"timestamp": "2026-07-12T13:41:13.905455+00:00", "event": "Mailbox connection", "email": "arif.cgit@gmail.com", "imap_host": "imap.gmail.com", "imap_port": 993, "imap_encryption": "SSL/TLS"}
{"timestamp": "2026-07-12T13:47:13.957682+00:00", "event": "Mailbox connection", "email": "arif.cgit@gmail.com", "imap_host": "imap.gmail.com", "imap_port": 993, "imap_encryption": "SSL/TLS"}
{"timestamp": "2026-07-12T13:53:14.010958+00:00", "event": "Mailbox connection", "email": "arif.cgit@gmail.com", "imap_host": "imap.gmail.com", "imap_port": 993, "imap_encryption": "SSL/TLS"}
{"timestamp": "2026-07-12T13:59:14.045811+00:00", "event": "Mailbox connection", "email": "arif.cgit@gmail.com", "imap_host": "imap.gmail.com", "imap_port": 993, "imap_encryption": "SSL/TLS"}
{"timestamp": "2026-07-12T14:05:14.104902+00:00", "event": "Mailbox connection", "email": "arif.cgit@gmail.com", "imap_host": "imap.gmail.com", "imap_port": 993, "imap_encryption": "SSL/TLS"}
{"timestamp": "2026-07-12T14:11:14.143808+00:00", "event": "Mailbox connection", "email": "arif.cgit@gmail.com", "imap_host": "imap.gmail.com", "imap_port": 993, "imap_encryption": "SSL/TLS"}
{"timestamp": "2026-07-12T14:17:14.184686+00:00", "event": "Mailbox connection", "email": "arif.cgit@gmail.com", "imap_host": "imap.gmail.com", "imap_port": 993, "imap_encryption": "SSL/TLS"}
{"timestamp": "2026-07-12T14:23:14.229605+00:00", "event": "Mailbox connection", "email": "arif.cgit@gmail.com", "imap_host": "imap.gmail.com", "imap_port": 993, "imap_encryption": "SSL/TLS"}
{"timestamp": "2026-07-12T14:29:14.278161+00:00", "event": "Mailbox connection", "email": "arif.cgit@gmail.com", "imap_host": "imap.gmail.com", "imap_port": 993, "imap_encryption": "SSL/TLS"}
{"timestamp": "2026-07-12T14:35:14.332150+00:00", "event": "Mailbox connection", "email": "arif.cgit@gmail.com", "imap_host": "imap.gmail.com", "imap_port": 993, "imap_encryption": "SSL/TLS"}
{"timestamp": "2026-07-12T14:41:14.371389+00:00", "event": "Mailbox connection", "email": "arif.cgit@gmail.com", "imap_host": "imap.gmail.com", "imap_port": 993, "imap_encryption": "SSL/TLS"}
{"timestamp": "2026-07-12T14:47:14.417683+00:00", "event": "Mailbox connection", "email": "arif.cgit@gmail.com", "imap_host": "imap.gmail.com", "imap_port": 993, "imap_encryption": "SSL/TLS"}
{"timestamp": "2026-07-12T14:53:14.491693+00:00", "event": "Mailbox connection", "email": "arif.cgit@gmail.com", "imap_host": "imap.gmail.com", "imap_port": 993, "imap_encryption": "SSL/TLS"}
{"timestamp": "2026-07-12T14:59:14.549863+00:00", "event": "Mailbox connection", "email": "arif.cgit@gmail.com", "imap_host": "imap.gmail.com", "imap_port": 993, "imap_encryption": "SSL/TLS"}
{"timestamp": "2026-07-12T15:05:14.595684+00:00", "event": "Mailbox connection", "email": "arif.cgit@gmail.com", "imap_host": "imap.gmail.com", "imap_port": 993, "imap_encryption": "SSL/TLS"}
{"timestamp": "2026-07-12T15:11:14.668568+00:00", "event": "Mailbox connection", "email": "arif.cgit@gmail.com", "imap_host": "imap.gmail.com", "imap_port": 993, "imap_encryption": "SSL/TLS"}
{"timestamp": "2026-07-12T15:17:14.680608+00:00", "event": "Mailbox connection", "email": "arif.cgit@gmail.com", "imap_host": "imap.gmail.com", "imap_port": 993, "imap_encryption": "SSL/TLS"}
{"timestamp": "2026-07-12T15:23:14.727846+00:00", "event": "Mailbox connection", "email": "arif.cgit@gmail.com", "imap_host": "imap.gmail.com", "imap_port": 993, "imap_encryption": "SSL/TLS"}
{"timestamp": "2026-07-12T15:29:14.777642+00:00", "event": "Mailbox connection", "email": "arif.cgit@gmail.com", "imap_host": "imap.gmail.com", "imap_port": 993, "imap_encryption": "SSL/TLS"}
{"timestamp": "2026-07-12T15:35:14.805138+00:00", "event": "Mailbox connection", "email": "arif.cgit@gmail.com", "imap_host": "imap.gmail.com", "imap_port": 993, "imap_encryption": "SSL/TLS"}
{"timestamp": "2026-07-12T15:41:14.838380+00:00", "event": "Mailbox connection", "email": "arif.cgit@gmail.com", "imap_host": "imap.gmail.com", "imap_port": 993, "imap_encryption": "SSL/TLS"}
{"timestamp": "2026-07-12T15:47:14.877303+00:00", "event": "Mailbox connection", "email": "arif.cgit@gmail.com", "imap_host": "imap.gmail.com", "imap_port": 993, "imap_encryption": "SSL/TLS"}
{"timestamp": "2026-07-12T15:53:14.931598+00:00", "event": "Mailbox connection", "email": "arif.cgit@gmail.com", "imap_host": "imap.gmail.com", "imap_port": 993, "imap_encryption": "SSL/TLS"}
{"timestamp": "2026-07-12T15:59:14.998697+00:00", "event": "Mailbox connection", "email": "arif.cgit@gmail.com", "imap_host": "imap.gmail.com", "imap_port": 993, "imap_encryption": "SSL/TLS"}
{"timestamp": "2026-07-12T16:05:15.045692+00:00", "event": "Mailbox connection", "email": "arif.cgit@gmail.com", "imap_host": "imap.gmail.com", "imap_port": 993, "imap_encryption": "SSL/TLS"}
{"timestamp": "2026-07-12T16:11:15.094483+00:00", "event": "Mailbox connection", "email": "arif.cgit@gmail.com", "imap_host": "imap.gmail.com", "imap_port": 993, "imap_encryption": "SSL/TLS"}
{"timestamp": "2026-07-12T16:17:15.135961+00:00", "event": "Mailbox connection", "email": "arif.cgit@gmail.com", "imap_host": "imap.gmail.com", "imap_port": 993, "imap_encryption": "SSL/TLS"}
{"timestamp": "2026-07-12T16:23:15.167296+00:00", "event": "Mailbox connection", "email": "arif.cgit@gmail.com", "imap_host": "imap.gmail.com", "imap_port": 993, "imap_encryption": "SSL/TLS"}
{"timestamp": "2026-07-12T16:29:15.196711+00:00", "event": "Mailbox connection", "email": "arif.cgit@gmail.com", "imap_host": "imap.gmail.com", "imap_port": 993, "imap_encryption": "SSL/TLS"}
{"timestamp": "2026-07-12T16:35:15.233288+00:00", "event": "Mailbox connection", "email": "arif.cgit@gmail.com", "imap_host": "imap.gmail.com", "imap_port": 993, "imap_encryption": "SSL/TLS"}
{"timestamp": "2026-07-12T16:41:15.284031+00:00", "event": "Mailbox connection", "email": "arif.cgit@gmail.com", "imap_host": "imap.gmail.com", "imap_port": 993, "imap_encryption": "SSL/TLS"}
{"timestamp": "2026-07-12T16:47:15.327901+00:00", "event": "Mailbox connection", "email": "arif.cgit@gmail.com", "imap_host": "imap.gmail.com", "imap_port": 993, "imap_encryption": "SSL/TLS"}
{"timestamp": "2026-07-12T16:53:15.385488+00:00", "event": "Mailbox connection", "email": "arif.cgit@gmail.com", "imap_host": "imap.gmail.com", "imap_port": 993, "imap_encryption": "SSL/TLS"}
{"timestamp": "2026-07-12T16:59:15.420336+00:00", "event": "Mailbox connection", "email": "arif.cgit@gmail.com", "imap_host": "imap.gmail.com", "imap_port": 993, "imap_encryption": "SSL/TLS"}
{"timestamp": "2026-07-12T17:05:15.459966+00:00", "event": "Mailbox connection", "email": "arif.cgit@gmail.com", "imap_host": "imap.gmail.com", "imap_port": 993, "imap_encryption": "SSL/TLS"}
{"timestamp": "2026-07-12T17:11:15.509038+00:00", "event": "Mailbox connection", "email": "arif.cgit@gmail.com", "imap_host": "imap.gmail.com", "imap_port": 993, "imap_encryption": "SSL/TLS"}
{"timestamp": "2026-07-12T17:17:15.539891+00:00", "event": "Mailbox connection", "email": "arif.cgit@gmail.com", "imap_host": "imap.gmail.com", "imap_port": 993, "imap_encryption": "SSL/TLS"}
{"timestamp": "2026-07-12T17:23:15.563537+00:00", "event": "Mailbox connection", "email": "arif.cgit@gmail.com", "imap_host": "imap.gmail.com", "imap_port": 993, "imap_encryption": "SSL/TLS"}
{"timestamp": "2026-07-12T17:29:15.599218+00:00", "event": "Mailbox connection", "email": "arif.cgit@gmail.com", "imap_host": "imap.gmail.com", "imap_port": 993, "imap_encryption": "SSL/TLS"}
{"timestamp": "2026-07-12T17:35:15.616415+00:00", "event": "Mailbox connection", "email": "arif.cgit@gmail.com", "imap_host": "imap.gmail.com", "imap_port": 993, "imap_encryption": "SSL/TLS"}
{"timestamp": "2026-07-12T17:41:15.690907+00:00", "event": "Mailbox connection", "email": "arif.cgit@gmail.com", "imap_host": "imap.gmail.com", "imap_port": 993, "imap_encryption": "SSL/TLS"}
{"timestamp": "2026-07-12T17:47:15.737691+00:00", "event": "Mailbox connection", "email": "arif.cgit@gmail.com", "imap_host": "imap.gmail.com", "imap_port": 993, "imap_encryption": "SSL/TLS"}
{"timestamp": "2026-07-12T17:53:15.779949+00:00", "event": "Mailbox connection", "email": "arif.cgit@gmail.com", "imap_host": "imap.gmail.com", "imap_port": 993, "imap_encryption": "SSL/TLS"}
{"timestamp": "2026-07-12T17:59:15.819890+00:00", "event": "Mailbox connection", "email": "arif.cgit@gmail.com", "imap_host": "imap.gmail.com", "imap_port": 993, "imap_encryption": "SSL/TLS"}
{"timestamp": "2026-07-12T18:05:15.855803+00:00", "event": "Mailbox connection", "email": "arif.cgit@gmail.com", "imap_host": "imap.gmail.com", "imap_port": 993, "imap_encryption": "SSL/TLS"}
{"timestamp": "2026-07-12T18:11:15.893802+00:00", "event": "Mailbox connection", "email": "arif.cgit@gmail.com", "imap_host": "imap.gmail.com", "imap_port": 993, "imap_encryption": "SSL/TLS"}
{"timestamp": "2026-07-12T18:17:15.951171+00:00", "event": "Mailbox connection", "email": "arif.cgit@gmail.com", "imap_host": "imap.gmail.com", "imap_port": 993, "imap_encryption": "SSL/TLS"}
{"timestamp": "2026-07-12T18:23:16.015685+00:00", "event": "Mailbox connection", "email": "arif.cgit@gmail.com", "imap_host": "imap.gmail.com", "imap_port": 993, "imap_encryption": "SSL/TLS"}
{"timestamp": "2026-07-12T18:29:16.064632+00:00", "event": "Mailbox connection", "email": "arif.cgit@gmail.com", "imap_host": "imap.gmail.com", "imap_port": 993, "imap_encryption": "SSL/TLS"}
{"timestamp": "2026-07-12T18:35:16.113571+00:00", "event": "Mailbox connection", "email": "arif.cgit@gmail.com", "imap_host": "imap.gmail.com", "imap_port": 993, "imap_encryption": "SSL/TLS"}
{"timestamp": "2026-07-12T18:41:16.171485+00:00", "event": "Mailbox connection", "email": "arif.cgit@gmail.com", "imap_host": "imap.gmail.com", "imap_port": 993, "imap_encryption": "SSL/TLS"}
{"timestamp": "2026-07-12T18:47:16.220500+00:00", "event": "Mailbox connection", "email": "arif.cgit@gmail.com", "imap_host": "imap.gmail.com", "imap_port": 993, "imap_encryption": "SSL/TLS"}
{"timestamp": "2026-07-12T18:53:16.280064+00:00", "event": "Mailbox connection", "email": "arif.cgit@gmail.com", "imap_host": "imap.gmail.com", "imap_port": 993, "imap_encryption": "SSL/TLS"}
{"timestamp": "2026-07-12T18:59:16.305481+00:00", "event": "Mailbox connection", "email": "arif.cgit@gmail.com", "imap_host": "imap.gmail.com", "imap_port": 993, "imap_encryption": "SSL/TLS"}
{"timestamp": "2026-07-12T19:05:16.339444+00:00", "event": "Mailbox connection", "email": "arif.cgit@gmail.com", "imap_host": "imap.gmail.com", "imap_port": 993, "imap_encryption": "SSL/TLS"}
{"timestamp": "2026-07-12T19:11:16.405864+00:00", "event": "Mailbox connection", "email": "arif.cgit@gmail.com", "imap_host": "imap.gmail.com", "imap_port": 993, "imap_encryption": "SSL/TLS"}
{"timestamp": "2026-07-12T19:17:16.445901+00:00", "event": "Mailbox connection", "email": "arif.cgit@gmail.com", "imap_host": "imap.gmail.com", "imap_port": 993, "imap_encryption": "SSL/TLS"}
{"timestamp": "2026-07-12T19:23:16.473591+00:00", "event": "Mailbox connection", "email": "arif.cgit@gmail.com", "imap_host": "imap.gmail.com", "imap_port": 993, "imap_encryption": "SSL/TLS"}
{"timestamp": "2026-07-12T19:29:16.516756+00:00", "event": "Mailbox connection", "email": "arif.cgit@gmail.com", "imap_host": "imap.gmail.com", "imap_port": 993, "imap_encryption": "SSL/TLS"}
{"timestamp": "2026-07-12T19:35:16.567498+00:00", "event": "Mailbox connection", "email": "arif.cgit@gmail.com", "imap_host": "imap.gmail.com", "imap_port": 993, "imap_encryption": "SSL/TLS"}
{"timestamp": "2026-07-12T19:41:16.610206+00:00", "event": "Mailbox connection", "email": "arif.cgit@gmail.com", "imap_host": "imap.gmail.com", "imap_port": 993, "imap_encryption": "SSL/TLS"}
{"timestamp": "2026-07-12T19:47:16.637115+00:00", "event": "Mailbox connection", "email": "arif.cgit@gmail.com", "imap_host": "imap.gmail.com", "imap_port": 993, "imap_encryption": "SSL/TLS"}
{"timestamp": "2026-07-12T19:53:16.675358+00:00", "event": "Mailbox connection", "email": "arif.cgit@gmail.com", "imap_host": "imap.gmail.com", "imap_port": 993, "imap_encryption": "SSL/TLS"}
{"timestamp": "2026-07-12T19:59:16.729496+00:00", "event": "Mailbox connection", "email": "arif.cgit@gmail.com", "imap_host": "imap.gmail.com", "imap_port": 993, "imap_encryption": "SSL/TLS"}
{"timestamp": "2026-07-12T20:05:16.773478+00:00", "event": "Mailbox connection", "email": "arif.cgit@gmail.com", "imap_host": "imap.gmail.com", "imap_port": 993, "imap_encryption": "SSL/TLS"}
{"timestamp": "2026-07-12T20:11:16.816299+00:00", "event": "Mailbox connection", "email": "arif.cgit@gmail.com", "imap_host": "imap.gmail.com", "imap_port": 993, "imap_encryption": "SSL/TLS"}
{"timestamp": "2026-07-12T20:17:16.833968+00:00", "event": "Mailbox connection", "email": "arif.cgit@gmail.com", "imap_host": "imap.gmail.com", "imap_port": 993, "imap_encryption": "SSL/TLS"}
{"timestamp": "2026-07-12T20:23:16.901056+00:00", "event": "Mailbox connection", "email": "arif.cgit@gmail.com", "imap_host": "imap.gmail.com", "imap_port": 993, "imap_encryption": "SSL/TLS"}
{"timestamp": "2026-07-12T20:29:16.932845+00:00", "event": "Mailbox connection", "email": "arif.cgit@gmail.com", "imap_host": "imap.gmail.com", "imap_port": 993, "imap_encryption": "SSL/TLS"}
{"timestamp": "2026-07-12T20:35:16.983305+00:00", "event": "Mailbox connection", "email": "arif.cgit@gmail.com", "imap_host": "imap.gmail.com", "imap_port": 993, "imap_encryption": "SSL/TLS"}
{"timestamp": "2026-07-12T20:41:17.014389+00:00", "event": "Mailbox connection", "email": "arif.cgit@gmail.com", "imap_host": "imap.gmail.com", "imap_port": 993, "imap_encryption": "SSL/TLS"}
{"timestamp": "2026-07-12T20:47:17.050488+00:00", "event": "Mailbox connection", "email": "arif.cgit@gmail.com", "imap_host": "imap.gmail.com", "imap_port": 993, "imap_encryption": "SSL/TLS"}
{"timestamp": "2026-07-12T20:53:17.088639+00:00", "event": "Mailbox connection", "email": "arif.cgit@gmail.com", "imap_host": "imap.gmail.com", "imap_port": 993, "imap_encryption": "SSL/TLS"}
{"timestamp": "2026-07-12T20:59:17.149751+00:00", "event": "Mailbox connection", "email": "arif.cgit@gmail.com", "imap_host": "imap.gmail.com", "imap_port": 993, "imap_encryption": "SSL/TLS"}
{"timestamp": "2026-07-12T21:05:17.180903+00:00", "event": "Mailbox connection", "email": "arif.cgit@gmail.com", "imap_host": "imap.gmail.com", "imap_port": 993, "imap_encryption": "SSL/TLS"}
{"timestamp": "2026-07-12T21:11:17.224035+00:00", "event": "Mailbox connection", "email": "arif.cgit@gmail.com", "imap_host": "imap.gmail.com", "imap_port": 993, "imap_encryption": "SSL/TLS"}
{"timestamp": "2026-07-12T21:17:17.265539+00:00", "event": "Mailbox connection", "email": "arif.cgit@gmail.com", "imap_host": "imap.gmail.com", "imap_port": 993, "imap_encryption": "SSL/TLS"}
{"timestamp": "2026-07-12T21:23:17.308062+00:00", "event": "Mailbox connection", "email": "arif.cgit@gmail.com", "imap_host": "imap.gmail.com", "imap_port": 993, "imap_encryption": "SSL/TLS"}
{"timestamp": "2026-07-12T21:29:17.351012+00:00", "event": "Mailbox connection", "email": "arif.cgit@gmail.com", "imap_host": "imap.gmail.com", "imap_port": 993, "imap_encryption": "SSL/TLS"}
{"timestamp": "2026-07-12T21:35:17.408473+00:00", "event": "Mailbox connection", "email": "arif.cgit@gmail.com", "imap_host": "imap.gmail.com", "imap_port": 993, "imap_encryption": "SSL/TLS"}
{"timestamp": "2026-07-12T21:41:17.456209+00:00", "event": "Mailbox connection", "email": "arif.cgit@gmail.com", "imap_host": "imap.gmail.com", "imap_port": 993, "imap_encryption": "SSL/TLS"}
{"timestamp": "2026-07-12T21:47:17.495935+00:00", "event": "Mailbox connection", "email": "arif.cgit@gmail.com", "imap_host": "imap.gmail.com", "imap_port": 993, "imap_encryption": "SSL/TLS"}
{"timestamp": "2026-07-12T21:53:17.540332+00:00", "event": "Mailbox connection", "email": "arif.cgit@gmail.com", "imap_host": "imap.gmail.com", "imap_port": 993, "imap_encryption": "SSL/TLS"}
{"timestamp": "2026-07-12T21:59:17.574675+00:00", "event": "Mailbox connection", "email": "arif.cgit@gmail.com", "imap_host": "imap.gmail.com", "imap_port": 993, "imap_encryption": "SSL/TLS"}
{"timestamp": "2026-07-12T22:05:17.617588+00:00", "event": "Mailbox connection", "email": "arif.cgit@gmail.com", "imap_host": "imap.gmail.com", "imap_port": 993, "imap_encryption": "SSL/TLS"}
{"timestamp": "2026-07-12T22:11:17.654098+00:00", "event": "Mailbox connection", "email": "arif.cgit@gmail.com", "imap_host": "imap.gmail.com", "imap_port": 993, "imap_encryption": "SSL/TLS"}
{"timestamp": "2026-07-12T22:17:17.704018+00:00", "event": "Mailbox connection", "email": "arif.cgit@gmail.com", "imap_host": "imap.gmail.com", "imap_port": 993, "imap_encryption": "SSL/TLS"}
{"timestamp": "2026-07-12T22:23:17.739297+00:00", "event": "Mailbox connection", "email": "arif.cgit@gmail.com", "imap_host": "imap.gmail.com", "imap_port": 993, "imap_encryption": "SSL/TLS"}
{"timestamp": "2026-07-12T22:29:17.812325+00:00", "event": "Mailbox connection", "email": "arif.cgit@gmail.com", "imap_host": "imap.gmail.com", "imap_port": 993, "imap_encryption": "SSL/TLS"}
{"timestamp": "2026-07-12T22:35:17.864008+00:00", "event": "Mailbox connection", "email": "arif.cgit@gmail.com", "imap_host": "imap.gmail.com", "imap_port": 993, "imap_encryption": "SSL/TLS"}
{"timestamp": "2026-07-12T22:41:17.915625+00:00", "event": "Mailbox connection", "email": "arif.cgit@gmail.com", "imap_host": "imap.gmail.com", "imap_port": 993, "imap_encryption": "SSL/TLS"}
{"timestamp": "2026-07-12T22:47:17.982150+00:00", "event": "Mailbox connection", "email": "arif.cgit@gmail.com", "imap_host": "imap.gmail.com", "imap_port": 993, "imap_encryption": "SSL/TLS"}
{"timestamp": "2026-07-12T22:53:18.010743+00:00", "event": "Mailbox connection", "email": "arif.cgit@gmail.com", "imap_host": "imap.gmail.com", "imap_port": 993, "imap_encryption": "SSL/TLS"}
{"timestamp": "2026-07-12T22:59:18.056610+00:00", "event": "Mailbox connection", "email": "arif.cgit@gmail.com", "imap_host": "imap.gmail.com", "imap_port": 993, "imap_encryption": "SSL/TLS"}
{"timestamp": "2026-07-12T23:05:18.108744+00:00", "event": "Mailbox connection", "email": "arif.cgit@gmail.com", "imap_host": "imap.gmail.com", "imap_port": 993, "imap_encryption": "SSL/TLS"}
{"timestamp": "2026-07-12T23:11:18.130880+00:00", "event": "Mailbox connection", "email": "arif.cgit@gmail.com", "imap_host": "imap.gmail.com", "imap_port": 993, "imap_encryption": "SSL/TLS"}
{"timestamp": "2026-07-12T23:17:18.158904+00:00", "event": "Mailbox connection", "email": "arif.cgit@gmail.com", "imap_host": "imap.gmail.com", "imap_port": 993, "imap_encryption": "SSL/TLS"}
{"timestamp": "2026-07-12T23:23:18.223849+00:00", "event": "Mailbox connection", "email": "arif.cgit@gmail.com", "imap_host": "imap.gmail.com", "imap_port": 993, "imap_encryption": "SSL/TLS"}
{"timestamp": "2026-07-12T23:29:18.286345+00:00", "event": "Mailbox connection", "email": "arif.cgit@gmail.com", "imap_host": "imap.gmail.com", "imap_port": 993, "imap_encryption": "SSL/TLS"}
{"timestamp": "2026-07-12T23:35:18.316434+00:00", "event": "Mailbox connection", "email": "arif.cgit@gmail.com", "imap_host": "imap.gmail.com", "imap_port": 993, "imap_encryption": "SSL/TLS"}
{"timestamp": "2026-07-12T23:41:18.350504+00:00", "event": "Mailbox connection", "email": "arif.cgit@gmail.com", "imap_host": "imap.gmail.com", "imap_port": 993, "imap_encryption": "SSL/TLS"}
{"timestamp": "2026-07-12T23:47:18.396720+00:00", "event": "Mailbox connection", "email": "arif.cgit@gmail.com", "imap_host": "imap.gmail.com", "imap_port": 993, "imap_encryption": "SSL/TLS"}
{"timestamp": "2026-07-12T23:53:18.461019+00:00", "event": "Mailbox connection", "email": "arif.cgit@gmail.com", "imap_host": "imap.gmail.com", "imap_port": 993, "imap_encryption": "SSL/TLS"}
{"timestamp": "2026-07-12T23:59:18.524780+00:00", "event": "Mailbox connection", "email": "arif.cgit@gmail.com", "imap_host": "imap.gmail.com", "imap_port": 993, "imap_encryption": "SSL/TLS"}
{"timestamp": "2026-07-13T00:06:18.554841+00:00", "event": "Mailbox connection", "email": "arif.cgit@gmail.com", "imap_host": "imap.gmail.com", "imap_port": 993, "imap_encryption": "SSL/TLS"}
{"timestamp": "2026-07-13T00:12:18.603160+00:00", "event": "Mailbox connection", "email": "arif.cgit@gmail.com", "imap_host": "imap.gmail.com", "imap_port": 993, "imap_encryption": "SSL/TLS"}
{"timestamp": "2026-07-13T00:18:18.620723+00:00", "event": "Mailbox connection", "email": "arif.cgit@gmail.com", "imap_host": "imap.gmail.com", "imap_port": 993, "imap_encryption": "SSL/TLS"}
{"timestamp": "2026-07-13T00:24:18.669091+00:00", "event": "Mailbox connection", "email": "arif.cgit@gmail.com", "imap_host": "imap.gmail.com", "imap_port": 993, "imap_encryption": "SSL/TLS"}
{"timestamp": "2026-07-13T00:30:18.703896+00:00", "event": "Mailbox connection", "email": "arif.cgit@gmail.com", "imap_host": "imap.gmail.com", "imap_port": 993, "imap_encryption": "SSL/TLS"}
{"timestamp": "2026-07-13T00:36:18.731145+00:00", "event": "Mailbox connection", "email": "arif.cgit@gmail.com", "imap_host": "imap.gmail.com", "imap_port": 993, "imap_encryption": "SSL/TLS"}
{"timestamp": "2026-07-13T00:42:18.804544+00:00", "event": "Mailbox connection", "email": "arif.cgit@gmail.com", "imap_host": "imap.gmail.com", "imap_port": 993, "imap_encryption": "SSL/TLS"}
{"timestamp": "2026-07-13T00:48:18.851425+00:00", "event": "Mailbox connection", "email": "arif.cgit@gmail.com", "imap_host": "imap.gmail.com", "imap_port": 993, "imap_encryption": "SSL/TLS"}
{"timestamp": "2026-07-13T00:54:18.870486+00:00", "event": "Mailbox connection", "email": "arif.cgit@gmail.com", "imap_host": "imap.gmail.com", "imap_port": 993, "imap_encryption": "SSL/TLS"}
{"timestamp": "2026-07-13T01:00:18.931864+00:00", "event": "Mailbox connection", "email": "arif.cgit@gmail.com", "imap_host": "imap.gmail.com", "imap_port": 993, "imap_encryption": "SSL/TLS"}
{"timestamp": "2026-07-13T01:06:18.969700+00:00", "event": "Mailbox connection", "email": "arif.cgit@gmail.com", "imap_host": "imap.gmail.com", "imap_port": 993, "imap_encryption": "SSL/TLS"}
{"timestamp": "2026-07-13T01:12:18.998004+00:00", "event": "Mailbox connection", "email": "arif.cgit@gmail.com", "imap_host": "imap.gmail.com", "imap_port": 993, "imap_encryption": "SSL/TLS"}
{"timestamp": "2026-07-13T01:18:19.060469+00:00", "event": "Mailbox connection", "email": "arif.cgit@gmail.com", "imap_host": "imap.gmail.com", "imap_port": 993, "imap_encryption": "SSL/TLS"}
{"timestamp": "2026-07-13T01:24:19.103493+00:00", "event": "Mailbox connection", "email": "arif.cgit@gmail.com", "imap_host": "imap.gmail.com", "imap_port": 993, "imap_encryption": "SSL/TLS"}
{"timestamp": "2026-07-13T01:30:19.156907+00:00", "event": "Mailbox connection", "email": "arif.cgit@gmail.com", "imap_host": "imap.gmail.com", "imap_port": 993, "imap_encryption": "SSL/TLS"}
{"timestamp": "2026-07-13T01:36:19.226568+00:00", "event": "Mailbox connection", "email": "arif.cgit@gmail.com", "imap_host": "imap.gmail.com", "imap_port": 993, "imap_encryption": "SSL/TLS"}
{"timestamp": "2026-07-13T01:42:19.257597+00:00", "event": "Mailbox connection", "email": "arif.cgit@gmail.com", "imap_host": "imap.gmail.com", "imap_port": 993, "imap_encryption": "SSL/TLS"}
{"timestamp": "2026-07-13T01:48:19.331979+00:00", "event": "Mailbox connection", "email": "arif.cgit@gmail.com", "imap_host": "imap.gmail.com", "imap_port": 993, "imap_encryption": "SSL/TLS"}
{"timestamp": "2026-07-13T01:54:19.385337+00:00", "event": "Mailbox connection", "email": "arif.cgit@gmail.com", "imap_host": "imap.gmail.com", "imap_port": 993, "imap_encryption": "SSL/TLS"}
{"timestamp": "2026-07-13T02:00:19.401296+00:00", "event": "Mailbox connection", "email": "arif.cgit@gmail.com", "imap_host": "imap.gmail.com", "imap_port": 993, "imap_encryption": "SSL/TLS"}
{"timestamp": "2026-07-13T02:06:19.434799+00:00", "event": "Mailbox connection", "email": "arif.cgit@gmail.com", "imap_host": "imap.gmail.com", "imap_port": 993, "imap_encryption": "SSL/TLS"}
{"timestamp": "2026-07-13T02:12:19.495960+00:00", "event": "Mailbox connection", "email": "arif.cgit@gmail.com", "imap_host": "imap.gmail.com", "imap_port": 993, "imap_encryption": "SSL/TLS"}
{"timestamp": "2026-07-13T02:18:19.522508+00:00", "event": "Mailbox connection", "email": "arif.cgit@gmail.com", "imap_host": "imap.gmail.com", "imap_port": 993, "imap_encryption": "SSL/TLS"}
{"timestamp": "2026-07-13T02:24:19.560813+00:00", "event": "Mailbox connection", "email": "arif.cgit@gmail.com", "imap_host": "imap.gmail.com", "imap_port": 993, "imap_encryption": "SSL/TLS"}
{"timestamp": "2026-07-13T02:30:19.572287+00:00", "event": "Mailbox connection", "email": "arif.cgit@gmail.com", "imap_host": "imap.gmail.com", "imap_port": 993, "imap_encryption": "SSL/TLS"}
{"timestamp": "2026-07-13T02:36:19.601330+00:00", "event": "Mailbox connection", "email": "arif.cgit@gmail.com", "imap_host": "imap.gmail.com", "imap_port": 993, "imap_encryption": "SSL/TLS"}
{"timestamp": "2026-07-13T02:42:19.670630+00:00", "event": "Mailbox connection", "email": "arif.cgit@gmail.com", "imap_host": "imap.gmail.com", "imap_port": 993, "imap_encryption": "SSL/TLS"}
{"timestamp": "2026-07-13T02:48:19.712319+00:00", "event": "Mailbox connection", "email": "arif.cgit@gmail.com", "imap_host": "imap.gmail.com", "imap_port": 993, "imap_encryption": "SSL/TLS"}
{"timestamp": "2026-07-13T02:54:19.754649+00:00", "event": "Mailbox connection", "email": "arif.cgit@gmail.com", "imap_host": "imap.gmail.com", "imap_port": 993, "imap_encryption": "SSL/TLS"}
{"timestamp": "2026-07-13T03:00:19.792371+00:00", "event": "Mailbox connection", "email": "arif.cgit@gmail.com", "imap_host": "imap.gmail.com", "imap_port": 993, "imap_encryption": "SSL/TLS"}
{"timestamp": "2026-07-13T03:06:19.827907+00:00", "event": "Mailbox connection", "email": "arif.cgit@gmail.com", "imap_host": "imap.gmail.com", "imap_port": 993, "imap_encryption": "SSL/TLS"}
{"timestamp": "2026-07-13T03:12:19.897964+00:00", "event": "Mailbox connection", "email": "arif.cgit@gmail.com", "imap_host": "imap.gmail.com", "imap_port": 993, "imap_encryption": "SSL/TLS"}
{"timestamp": "2026-07-13T03:18:19.955772+00:00", "event": "Mailbox connection", "email": "arif.cgit@gmail.com", "imap_host": "imap.gmail.com", "imap_port": 993, "imap_encryption": "SSL/TLS"}
{"timestamp": "2026-07-13T03:24:20.002046+00:00", "event": "Mailbox connection", "email": "arif.cgit@gmail.com", "imap_host": "imap.gmail.com", "imap_port": 993, "imap_encryption": "SSL/TLS"}
{"timestamp": "2026-07-13T03:30:20.016811+00:00", "event": "Mailbox connection", "email": "arif.cgit@gmail.com", "imap_host": "imap.gmail.com", "imap_port": 993, "imap_encryption": "SSL/TLS"}
{"timestamp": "2026-07-13T03:36:20.051446+00:00", "event": "Mailbox connection", "email": "arif.cgit@gmail.com", "imap_host": "imap.gmail.com", "imap_port": 993, "imap_encryption": "SSL/TLS"}
{"timestamp": "2026-07-13T03:42:20.092603+00:00", "event": "Mailbox connection", "email": "arif.cgit@gmail.com", "imap_host": "imap.gmail.com", "imap_port": 993, "imap_encryption": "SSL/TLS"}
{"timestamp": "2026-07-13T03:48:20.118340+00:00", "event": "Mailbox connection", "email": "arif.cgit@gmail.com", "imap_host": "imap.gmail.com", "imap_port": 993, "imap_encryption": "SSL/TLS"}
{"timestamp": "2026-07-13T03:54:20.148043+00:00", "event": "Mailbox connection", "email": "arif.cgit@gmail.com", "imap_host": "imap.gmail.com", "imap_port": 993, "imap_encryption": "SSL/TLS"}
{"timestamp": "2026-07-13T04:00:20.207933+00:00", "event": "Mailbox connection", "email": "arif.cgit@gmail.com", "imap_host": "imap.gmail.com", "imap_port": 993, "imap_encryption": "SSL/TLS"}
{"timestamp": "2026-07-13T04:06:20.258396+00:00", "event": "Mailbox connection", "email": "arif.cgit@gmail.com", "imap_host": "imap.gmail.com", "imap_port": 993, "imap_encryption": "SSL/TLS"}
{"timestamp": "2026-07-13T04:12:20.349160+00:00", "event": "Mailbox connection", "email": "arif.cgit@gmail.com", "imap_host": "imap.gmail.com", "imap_port": 993, "imap_encryption": "SSL/TLS"}
{"timestamp": "2026-07-13T04:18:20.416129+00:00", "event": "Mailbox connection", "email": "arif.cgit@gmail.com", "imap_host": "imap.gmail.com", "imap_port": 993, "imap_encryption": "SSL/TLS"}
{"timestamp": "2026-07-13T04:24:20.452016+00:00", "event": "Mailbox connection", "email": "arif.cgit@gmail.com", "imap_host": "imap.gmail.com", "imap_port": 993, "imap_encryption": "SSL/TLS"}
{"timestamp": "2026-07-13T04:30:20.487640+00:00", "event": "Mailbox connection", "email": "arif.cgit@gmail.com", "imap_host": "imap.gmail.com", "imap_port": 993, "imap_encryption": "SSL/TLS"}
{"timestamp": "2026-07-13T04:36:20.529157+00:00", "event": "Mailbox connection", "email": "arif.cgit@gmail.com", "imap_host": "imap.gmail.com", "imap_port": 993, "imap_encryption": "SSL/TLS"}
{"timestamp": "2026-07-13T04:36:22.950875+00:00", "event": "Reply detected", "account": "arif.cgit@gmail.com", "original_message_id": "<post-206603474@substack.com>", "reply_message_id": "<20260713043029.3.f9b668ed6efe2305@mg2.substack.com>", "from_email": "kanaiyakatarmal@substack.com", "reply_time": "2026-07-13T04:30:29+00:00"}
{"timestamp": "2026-07-13T04:36:22.951521+00:00", "event": "API request", "method": "POST", "url": "https://emailtrackingserver-v2-2.onrender.com/api/tracking/register-reply", "payload": {"message_id": "<post-206603474@substack.com>", "from_email": "kanaiyakatarmal@substack.com", "reply_time": "2026-07-13T04:30:29+00:00"}}
{"timestamp": "2026-07-13T04:36:53.254313+00:00", "event": "Errors", "account": "arif.cgit@gmail.com", "message_number": "b'1710'", "error": "The read operation timed out"}
{"timestamp": "2026-07-13T04:42:20.531032+00:00", "event": "Mailbox connection", "email": "arif.cgit@gmail.com", "imap_host": "imap.gmail.com", "imap_port": 993, "imap_encryption": "SSL/TLS"}
{"timestamp": "2026-07-13T04:48:20.594834+00:00", "event": "Mailbox connection", "email": "arif.cgit@gmail.com", "imap_host": "imap.gmail.com", "imap_port": 993, "imap_encryption": "SSL/TLS"}
{"timestamp": "2026-07-13T04:54:20.637565+00:00", "event": "Mailbox connection", "email": "arif.cgit@gmail.com", "imap_host": "imap.gmail.com", "imap_port": 993, "imap_encryption": "SSL/TLS"}
{"timestamp": "2026-07-13T05:00:20.669404+00:00", "event": "Mailbox connection", "email": "arif.cgit@gmail.com", "imap_host": "imap.gmail.com", "imap_port": 993, "imap_encryption": "SSL/TLS"}
{"timestamp": "2026-07-13T05:06:20.715239+00:00", "event": "Mailbox connection", "email": "arif.cgit@gmail.com", "imap_host": "imap.gmail.com", "imap_port": 993, "imap_encryption": "SSL/TLS"}
{"timestamp": "2026-07-13T05:12:20.767462+00:00", "event": "Mailbox connection", "email": "arif.cgit@gmail.com", "imap_host": "imap.gmail.com", "imap_port": 993, "imap_encryption": "SSL/TLS"}
{"timestamp": "2026-07-13T05:18:20.799037+00:00", "event": "Mailbox connection", "email": "arif.cgit@gmail.com", "imap_host": "imap.gmail.com", "imap_port": 993, "imap_encryption": "SSL/TLS"}
{"timestamp": "2026-07-13T05:24:20.856201+00:00", "event": "Mailbox connection", "email": "arif.cgit@gmail.com", "imap_host": "imap.gmail.com", "imap_port": 993, "imap_encryption": "SSL/TLS"}
{"timestamp": "2026-07-13T05:30:20.884644+00:00", "event": "Mailbox connection", "email": "arif.cgit@gmail.com", "imap_host": "imap.gmail.com", "imap_port": 993, "imap_encryption": "SSL/TLS"}
{"timestamp": "2026-07-13T05:36:20.915218+00:00", "event": "Mailbox connection", "email": "arif.cgit@gmail.com", "imap_host": "imap.gmail.com", "imap_port": 993, "imap_encryption": "SSL/TLS"}
{"timestamp": "2026-07-13T05:42:20.943421+00:00", "event": "Mailbox connection", "email": "arif.cgit@gmail.com", "imap_host": "imap.gmail.com", "imap_port": 993, "imap_encryption": "SSL/TLS"}
{"timestamp": "2026-07-13T05:48:20.967353+00:00", "event": "Mailbox connection", "email": "arif.cgit@gmail.com", "imap_host": "imap.gmail.com", "imap_port": 993, "imap_encryption": "SSL/TLS"}
{"timestamp": "2026-07-13T05:54:20.996414+00:00", "event": "Mailbox connection", "email": "arif.cgit@gmail.com", "imap_host": "imap.gmail.com", "imap_port": 993, "imap_encryption": "SSL/TLS"}
{"timestamp": "2026-07-13T06:00:21.033761+00:00", "event": "Mailbox connection", "email": "arif.cgit@gmail.com", "imap_host": "imap.gmail.com", "imap_port": 993, "imap_encryption": "SSL/TLS"}
{"timestamp": "2026-07-13T06:06:21.079699+00:00", "event": "Mailbox connection", "email": "arif.cgit@gmail.com", "imap_host": "imap.gmail.com", "imap_port": 993, "imap_encryption": "SSL/TLS"}
{"timestamp": "2026-07-13T06:12:21.112771+00:00", "event": "Mailbox connection", "email": "arif.cgit@gmail.com", "imap_host": "imap.gmail.com", "imap_port": 993, "imap_encryption": "SSL/TLS"}
{"timestamp": "2026-07-13T06:18:21.148210+00:00", "event": "Mailbox connection", "email": "arif.cgit@gmail.com", "imap_host": "imap.gmail.com", "imap_port": 993, "imap_encryption": "SSL/TLS"}
{"timestamp": "2026-07-13T06:24:21.172555+00:00", "event": "Mailbox connection", "email": "arif.cgit@gmail.com", "imap_host": "imap.gmail.com", "imap_port": 993, "imap_encryption": "SSL/TLS"}
{"timestamp": "2026-07-13T06:30:21.216686+00:00", "event": "Mailbox connection", "email": "arif.cgit@gmail.com", "imap_host": "imap.gmail.com", "imap_port": 993, "imap_encryption": "SSL/TLS"}
{"timestamp": "2026-07-13T06:36:21.231715+00:00", "event": "Mailbox connection", "email": "arif.cgit@gmail.com", "imap_host": "imap.gmail.com", "imap_port": 993, "imap_encryption": "SSL/TLS"}
{"timestamp": "2026-07-13T06:37:18.197170+00:00", "event": "Mailbox connection", "email": "arif.cgit@gmail.com", "imap_host": "imap.gmail.com", "imap_port": 993, "imap_encryption": "SSL/TLS"}
{"timestamp": "2026-07-13T06:42:21.265621+00:00", "event": "Mailbox connection", "email": "arif.cgit@gmail.com", "imap_host": "imap.gmail.com", "imap_port": 993, "imap_encryption": "SSL/TLS"}
{"timestamp": "2026-07-13T06:48:21.280407+00:00", "event": "Mailbox connection", "email": "arif.cgit@gmail.com", "imap_host": "imap.gmail.com", "imap_port": 993, "imap_encryption": "SSL/TLS"}
{"timestamp": "2026-07-13T06:50:21.729781+00:00", "event": "Mailbox connection", "email": "arif.cgit@gmail.com", "imap_host": "imap.gmail.com", "imap_port": 993, "imap_encryption": "SSL/TLS"}
{"timestamp": "2026-07-13T06:54:21.323571+00:00", "event": "Mailbox connection", "email": "arif.cgit@gmail.com", "imap_host": "imap.gmail.com", "imap_port": 993, "imap_encryption": "SSL/TLS"}
{"timestamp": "2026-07-13T06:54:23.899993+00:00", "event": "Reply detected", "account": "arif.cgit@gmail.com", "original_message_id": "<b8394b61a8be43f2af4a92b51558ff2d.20260713065141681300@emailautomation-v2.local>", "reply_message_id": "<6a5489ed.c3d9381b.3286f0.9b19.GMR@mx.google.com>", "from_email": "mailer-daemon@googlemail.com", "reply_time": "2026-07-13T06:47:09+00:00"}
{"timestamp": "2026-07-13T06:54:23.900478+00:00", "event": "API request", "method": "POST", "url": "https://emailtrackingserver-v2-2.onrender.com/api/tracking/register-reply", "payload": {"message_id": "<b8394b61a8be43f2af4a92b51558ff2d.20260713065141681300@emailautomation-v2.local>", "from_email": "mailer-daemon@googlemail.com", "reply_time": "2026-07-13T06:47:09+00:00"}}
{"timestamp": "2026-07-13T06:54:25.405909+00:00", "event": "API response", "method": "POST", "url": "https://emailtrackingserver-v2-2.onrender.com/api/tracking/register-reply", "response": {"status_code": 200, "body": "{\"success\":true,\"message_id\":\"<b8394b61a8be43f2af4a92b51558ff2d.20260713065141681300@emailautomation-v2.local>\",\"tracking_id\":\"c9c5499a-0a0d-4d53-a776-79985001680e\",\"reply_count\":1,\"first_reply\":\"2026-07-13T06:47:09Z\",\"last_reply\":\"2026-07-13T06:47:09Z\"}", "json": {"success": true, "message_id": "<b8394b61a8be43f2af4a92b51558ff2d.20260713065141681300@emailautomation-v2.local>", "tracking_id": "c9c5499a-0a0d-4d53-a776-79985001680e", "reply_count": 1, "first_reply": "2026-07-13T06:47:09Z", "last_reply": "2026-07-13T06:47:09Z"}}}
{"timestamp": "2026-07-13T06:56:21.763611+00:00", "event": "Mailbox connection", "email": "arif.cgit@gmail.com", "imap_host": "imap.gmail.com", "imap_port": 993, "imap_encryption": "SSL/TLS"}
{"timestamp": "2026-07-13T07:00:21.373329+00:00", "event": "Mailbox connection", "email": "arif.cgit@gmail.com", "imap_host": "imap.gmail.com", "imap_port": 993, "imap_encryption": "SSL/TLS"}
{"timestamp": "2026-07-13T07:02:21.840420+00:00", "event": "Mailbox connection", "email": "arif.cgit@gmail.com", "imap_host": "imap.gmail.com", "imap_port": 993, "imap_encryption": "SSL/TLS"}
{"timestamp": "2026-07-13T07:06:21.422310+00:00", "event": "Mailbox connection", "email": "arif.cgit@gmail.com", "imap_host": "imap.gmail.com", "imap_port": 993, "imap_encryption": "SSL/TLS"}
{"timestamp": "2026-07-13T07:08:21.882491+00:00", "event": "Mailbox connection", "email": "arif.cgit@gmail.com", "imap_host": "imap.gmail.com", "imap_port": 993, "imap_encryption": "SSL/TLS"}
{"timestamp": "2026-07-13T07:12:21.445106+00:00", "event": "Mailbox connection", "email": "arif.cgit@gmail.com", "imap_host": "imap.gmail.com", "imap_port": 993, "imap_encryption": "SSL/TLS"}
{"timestamp": "2026-07-13T07:14:21.981445+00:00", "event": "Mailbox connection", "email": "arif.cgit@gmail.com", "imap_host": "imap.gmail.com", "imap_port": 993, "imap_encryption": "SSL/TLS"}
{"timestamp": "2026-07-13T07:18:21.509732+00:00", "event": "Mailbox connection", "email": "arif.cgit@gmail.com", "imap_host": "imap.gmail.com", "imap_port": 993, "imap_encryption": "SSL/TLS"}
{"timestamp": "2026-07-13T07:20:22.040806+00:00", "event": "Mailbox connection", "email": "arif.cgit@gmail.com", "imap_host": "imap.gmail.com", "imap_port": 993, "imap_encryption": "SSL/TLS"}
{"timestamp": "2026-07-13T07:24:21.565109+00:00", "event": "Mailbox connection", "email": "arif.cgit@gmail.com", "imap_host": "imap.gmail.com", "imap_port": 993, "imap_encryption": "SSL/TLS"}
{"timestamp": "2026-07-13T07:26:22.104829+00:00", "event": "Mailbox connection", "email": "arif.cgit@gmail.com", "imap_host": "imap.gmail.com", "imap_port": 993, "imap_encryption": "SSL/TLS"}
{"timestamp": "2026-07-13T07:30:21.600686+00:00", "event": "Mailbox connection", "email": "arif.cgit@gmail.com", "imap_host": "imap.gmail.com", "imap_port": 993, "imap_encryption": "SSL/TLS"}
{"timestamp": "2026-07-13T07:36:07.707826+00:00", "event": "Mailbox connection", "email": "arif.cgit@gmail.com", "imap_host": "imap.gmail.com", "imap_port": 993, "imap_encryption": "SSL/TLS"}
{"timestamp": "2026-07-13T07:36:21.649039+00:00", "event": "Mailbox connection", "email": "arif.cgit@gmail.com", "imap_host": "imap.gmail.com", "imap_port": 993, "imap_encryption": "SSL/TLS"}
{"timestamp": "2026-07-13T07:42:06.338950+00:00", "event": "Mailbox connection", "email": "arif.cgit@gmail.com", "imap_host": "imap.gmail.com", "imap_port": 993, "imap_encryption": "SSL/TLS"}
{"timestamp": "2026-07-13T07:42:08.487917+00:00", "event": "Reply detected", "account": "arif.cgit@gmail.com", "original_message_id": "<b8ee75d59a744dcd8c1bea0db2ddae79.20260713073618869629@emailautomation-v2.local>", "reply_message_id": "<6a549462.3c6808a0.36ca2b.8a26.GMR@mx.google.com>", "from_email": "mailer-daemon@googlemail.com", "reply_time": "2026-07-13T07:31:46+00:00"}
{"timestamp": "2026-07-13T07:42:08.488413+00:00", "event": "API request", "method": "POST", "url": "https://emailtrackingserver-v2-2.onrender.com/api/tracking/register-reply", "payload": {"message_id": "<b8ee75d59a744dcd8c1bea0db2ddae79.20260713073618869629@emailautomation-v2.local>", "from_email": "mailer-daemon@googlemail.com", "reply_time": "2026-07-13T07:31:46+00:00"}}
{"timestamp": "2026-07-13T07:42:10.552737+00:00", "event": "Errors", "account": "arif.cgit@gmail.com", "message_number": "b'1714'", "error": "HTTP Error 404: Not Found"}
{"timestamp": "2026-07-13T07:42:21.713591+00:00", "event": "Mailbox connection", "email": "arif.cgit@gmail.com", "imap_host": "imap.gmail.com", "imap_port": 993, "imap_encryption": "SSL/TLS"}
{"timestamp": "2026-07-13T07:43:54.144470+00:00", "event": "Mailbox connection", "email": "arif.cgit@gmail.com", "imap_host": "imap.gmail.com", "imap_port": 993, "imap_encryption": "SSL/TLS"}
{"timestamp": "2026-07-13T07:48:21.746112+00:00", "event": "Mailbox connection", "email": "arif.cgit@gmail.com", "imap_host": "imap.gmail.com", "imap_port": 993, "imap_encryption": "SSL/TLS"}
{"timestamp": "2026-07-13T07:49:54.197900+00:00", "event": "Mailbox connection", "email": "arif.cgit@gmail.com", "imap_host": "imap.gmail.com", "imap_port": 993, "imap_encryption": "SSL/TLS"}
{"timestamp": "2026-07-13T07:53:07.698290+00:00", "event": "Mailbox connection", "email": "arif.cgit@gmail.com", "imap_host": "imap.gmail.com", "imap_port": 993, "imap_encryption": "SSL/TLS"}
{"timestamp": "2026-07-13T07:56:05.778270+00:00", "event": "Mailbox connection", "email": "arif.cgit@gmail.com", "imap_host": "imap.gmail.com", "imap_port": 993, "imap_encryption": "SSL/TLS"}
{"timestamp": "2026-07-13T07:57:37.477521+00:00", "event": "Mailbox connection", "email": "arif.cgit@gmail.com", "imap_host": "imap.gmail.com", "imap_port": 993, "imap_encryption": "SSL/TLS"}
{"timestamp": "2026-07-13T08:03:37.510654+00:00", "event": "Mailbox connection", "email": "arif.cgit@gmail.com", "imap_host": "imap.gmail.com", "imap_port": 993, "imap_encryption": "SSL/TLS"}
{"timestamp": "2026-07-13T08:09:37.541595+00:00", "event": "Mailbox connection", "email": "arif.cgit@gmail.com", "imap_host": "imap.gmail.com", "imap_port": 993, "imap_encryption": "SSL/TLS"}
{"timestamp": "2026-07-13T08:15:37.576272+00:00", "event": "Mailbox connection", "email": "arif.cgit@gmail.com", "imap_host": "imap.gmail.com", "imap_port": 993, "imap_encryption": "SSL/TLS"}
{"timestamp": "2026-07-13T08:21:37.595403+00:00", "event": "Mailbox connection", "email": "arif.cgit@gmail.com", "imap_host": "imap.gmail.com", "imap_port": 993, "imap_encryption": "SSL/TLS"}
{"timestamp": "2026-07-13T08:30:14.881948+00:00", "event": "Mailbox connection", "email": "arif.cgit@gmail.com", "imap_host": "imap.gmail.com", "imap_port": 993, "imap_encryption": "SSL/TLS"}
{"timestamp": "2026-07-13T08:35:29.194960+00:00", "event": "Mailbox connection", "email": "arif.cgit@gmail.com", "imap_host": "imap.gmail.com", "imap_port": 993, "imap_encryption": "SSL/TLS"}
{"timestamp": "2026-07-13T08:48:56.164731+00:00", "event": "Mailbox connection", "email": "arif.cgit@gmail.com", "imap_host": "imap.gmail.com", "imap_port": 993, "imap_encryption": "SSL/TLS"}
{"timestamp": "2026-07-13T08:54:56.213661+00:00", "event": "Mailbox connection", "email": "arif.cgit@gmail.com", "imap_host": "imap.gmail.com", "imap_port": 993, "imap_encryption": "SSL/TLS"}
{"timestamp": "2026-07-13T08:55:00.301304+00:00", "event": "Reply detected", "account": "arif.cgit@gmail.com", "original_message_id": "<e8eafea2e17740a9aa2226f756f87613.20260713084902080017@emailautomation-v2.local>", "reply_message_id": "<6a54a56d.892b2ab6.23ba71.15e9.GMR@mx.google.com>", "from_email": "mailer-daemon@googlemail.com", "reply_time": "2026-07-13T08:44:29+00:00"}
{"timestamp": "2026-07-13T08:55:00.301808+00:00", "event": "API request", "method": "POST", "url": "https://emailtrackingserver-v2-2.onrender.com/api/tracking/register-reply", "payload": {"message_id": "<e8eafea2e17740a9aa2226f756f87613.20260713084902080017@emailautomation-v2.local>", "from_email": "mailer-daemon@googlemail.com", "reply_time": "2026-07-13T08:44:29+00:00"}}
{"timestamp": "2026-07-13T08:55:03.487904+00:00", "event": "API response", "method": "POST", "url": "https://emailtrackingserver-v2-2.onrender.com/api/tracking/register-reply", "response": {"status_code": 200, "body": "{\"success\":true,\"message_id\":\"<e8eafea2e17740a9aa2226f756f87613.20260713084902080017@emailautomation-v2.local>\",\"tracking_id\":\"4f862ad8-01f1-4db8-b362-767b97ec2547\",\"reply_count\":1,\"first_reply\":\"2026-07-13T08:44:29Z\",\"last_reply\":\"2026-07-13T08:44:29Z\"}", "json": {"success": true, "message_id": "<e8eafea2e17740a9aa2226f756f87613.20260713084902080017@emailautomation-v2.local>", "tracking_id": "4f862ad8-01f1-4db8-b362-767b97ec2547", "reply_count": 1, "first_reply": "2026-07-13T08:44:29Z", "last_reply": "2026-07-13T08:44:29Z"}}}
{"timestamp": "2026-07-13T09:00:56.252083+00:00", "event": "Mailbox connection", "email": "arif.cgit@gmail.com", "imap_host": "imap.gmail.com", "imap_port": 993, "imap_encryption": "SSL/TLS"}
{"timestamp": "2026-07-13T09:06:56.291523+00:00", "event": "Mailbox connection", "email": "arif.cgit@gmail.com", "imap_host": "imap.gmail.com", "imap_port": 993, "imap_encryption": "SSL/TLS"}
{"timestamp": "2026-07-13T09:12:56.329662+00:00", "event": "Mailbox connection", "email": "arif.cgit@gmail.com", "imap_host": "imap.gmail.com", "imap_port": 993, "imap_encryption": "SSL/TLS"}
{"timestamp": "2026-07-13T09:18:56.377491+00:00", "event": "Mailbox connection", "email": "arif.cgit@gmail.com", "imap_host": "imap.gmail.com", "imap_port": 993, "imap_encryption": "SSL/TLS"}
{"timestamp": "2026-07-13T09:24:56.409686+00:00", "event": "Mailbox connection", "email": "arif.cgit@gmail.com", "imap_host": "imap.gmail.com", "imap_port": 993, "imap_encryption": "SSL/TLS"}
{"timestamp": "2026-07-13T09:30:56.454846+00:00", "event": "Mailbox connection", "email": "arif.cgit@gmail.com", "imap_host": "imap.gmail.com", "imap_port": 993, "imap_encryption": "SSL/TLS"}
{"timestamp": "2026-07-13T09:36:56.496454+00:00", "event": "Mailbox connection", "email": "arif.cgit@gmail.com", "imap_host": "imap.gmail.com", "imap_port": 993, "imap_encryption": "SSL/TLS"}
{"timestamp": "2026-07-13T09:42:56.558866+00:00", "event": "Mailbox connection", "email": "arif.cgit@gmail.com", "imap_host": "imap.gmail.com", "imap_port": 993, "imap_encryption": "SSL/TLS"}
{"timestamp": "2026-07-13T09:48:56.587700+00:00", "event": "Mailbox connection", "email": "arif.cgit@gmail.com", "imap_host": "imap.gmail.com", "imap_port": 993, "imap_encryption": "SSL/TLS"}
{"timestamp": "2026-07-13T09:54:56.627688+00:00", "event": "Mailbox connection", "email": "arif.cgit@gmail.com", "imap_host": "imap.gmail.com", "imap_port": 993, "imap_encryption": "SSL/TLS"}
{"timestamp": "2026-07-13T10:00:56.680261+00:00", "event": "Mailbox connection", "email": "arif.cgit@gmail.com", "imap_host": "imap.gmail.com", "imap_port": 993, "imap_encryption": "SSL/TLS"}
{"timestamp": "2026-07-13T10:06:56.736257+00:00", "event": "Mailbox connection", "email": "arif.cgit@gmail.com", "imap_host": "imap.gmail.com", "imap_port": 993, "imap_encryption": "SSL/TLS"}
{"timestamp": "2026-07-13T10:12:56.775987+00:00", "event": "Mailbox connection", "email": "arif.cgit@gmail.com", "imap_host": "imap.gmail.com", "imap_port": 993, "imap_encryption": "SSL/TLS"}
{"timestamp": "2026-07-13T10:18:56.825710+00:00", "event": "Mailbox connection", "email": "arif.cgit@gmail.com", "imap_host": "imap.gmail.com", "imap_port": 993, "imap_encryption": "SSL/TLS"}
{"timestamp": "2026-07-13T10:24:56.867519+00:00", "event": "Mailbox connection", "email": "arif.cgit@gmail.com", "imap_host": "imap.gmail.com", "imap_port": 993, "imap_encryption": "SSL/TLS"}
{"timestamp": "2026-07-13T10:30:56.934036+00:00", "event": "Mailbox connection", "email": "arif.cgit@gmail.com", "imap_host": "imap.gmail.com", "imap_port": 993, "imap_encryption": "SSL/TLS"}
{"timestamp": "2026-07-13T10:36:56.954228+00:00", "event": "Mailbox connection", "email": "arif.cgit@gmail.com", "imap_host": "imap.gmail.com", "imap_port": 993, "imap_encryption": "SSL/TLS"}
{"timestamp": "2026-07-13T10:42:57.000675+00:00", "event": "Mailbox connection", "email": "arif.cgit@gmail.com", "imap_host": "imap.gmail.com", "imap_port": 993, "imap_encryption": "SSL/TLS"}
{"timestamp": "2026-07-13T10:48:57.023963+00:00", "event": "Mailbox connection", "email": "arif.cgit@gmail.com", "imap_host": "imap.gmail.com", "imap_port": 993, "imap_encryption": "SSL/TLS"}
{"timestamp": "2026-07-13T10:54:57.062676+00:00", "event": "Mailbox connection", "email": "arif.cgit@gmail.com", "imap_host": "imap.gmail.com", "imap_port": 993, "imap_encryption": "SSL/TLS"}
{"timestamp": "2026-07-13T11:00:57.113811+00:00", "event": "Mailbox connection", "email": "arif.cgit@gmail.com", "imap_host": "imap.gmail.com", "imap_port": 993, "imap_encryption": "SSL/TLS"}
{"timestamp": "2026-07-13T11:06:57.158716+00:00", "event": "Mailbox connection", "email": "arif.cgit@gmail.com", "imap_host": "imap.gmail.com", "imap_port": 993, "imap_encryption": "SSL/TLS"}
{"timestamp": "2026-07-13T11:12:57.190757+00:00", "event": "Mailbox connection", "email": "arif.cgit@gmail.com", "imap_host": "imap.gmail.com", "imap_port": 993, "imap_encryption": "SSL/TLS"}
{"timestamp": "2026-07-13T11:18:57.246353+00:00", "event": "Mailbox connection", "email": "arif.cgit@gmail.com", "imap_host": "imap.gmail.com", "imap_port": 993, "imap_encryption": "SSL/TLS"}
{"timestamp": "2026-07-13T11:24:57.274437+00:00", "event": "Mailbox connection", "email": "arif.cgit@gmail.com", "imap_host": "imap.gmail.com", "imap_port": 993, "imap_encryption": "SSL/TLS"}
{"timestamp": "2026-07-13T11:30:57.328659+00:00", "event": "Mailbox connection", "email": "arif.cgit@gmail.com", "imap_host": "imap.gmail.com", "imap_port": 993, "imap_encryption": "SSL/TLS"}
{"timestamp": "2026-07-13T11:36:57.368633+00:00", "event": "Mailbox connection", "email": "arif.cgit@gmail.com", "imap_host": "imap.gmail.com", "imap_port": 993, "imap_encryption": "SSL/TLS"}
{"timestamp": "2026-07-13T11:42:57.418131+00:00", "event": "Mailbox connection", "email": "arif.cgit@gmail.com", "imap_host": "imap.gmail.com", "imap_port": 993, "imap_encryption": "SSL/TLS"}
{"timestamp": "2026-07-13T11:48:57.448468+00:00", "event": "Mailbox connection", "email": "arif.cgit@gmail.com", "imap_host": "imap.gmail.com", "imap_port": 993, "imap_encryption": "SSL/TLS"}
{"timestamp": "2026-07-13T11:54:57.481512+00:00", "event": "Mailbox connection", "email": "arif.cgit@gmail.com", "imap_host": "imap.gmail.com", "imap_port": 993, "imap_encryption": "SSL/TLS"}
{"timestamp": "2026-07-13T12:00:57.536298+00:00", "event": "Mailbox connection", "email": "arif.cgit@gmail.com", "imap_host": "imap.gmail.com", "imap_port": 993, "imap_encryption": "SSL/TLS"}
{"timestamp": "2026-07-13T12:06:57.591191+00:00", "event": "Mailbox connection", "email": "arif.cgit@gmail.com", "imap_host": "imap.gmail.com", "imap_port": 993, "imap_encryption": "SSL/TLS"}
{"timestamp": "2026-07-13T12:12:57.645748+00:00", "event": "Mailbox connection", "email": "arif.cgit@gmail.com", "imap_host": "imap.gmail.com", "imap_port": 993, "imap_encryption": "SSL/TLS"}
{"timestamp": "2026-07-13T12:18:57.685973+00:00", "event": "Mailbox connection", "email": "arif.cgit@gmail.com", "imap_host": "imap.gmail.com", "imap_port": 993, "imap_encryption": "SSL/TLS"}
{"timestamp": "2026-07-13T12:24:57.735460+00:00", "event": "Mailbox connection", "email": "arif.cgit@gmail.com", "imap_host": "imap.gmail.com", "imap_port": 993, "imap_encryption": "SSL/TLS"}
{"timestamp": "2026-07-13T12:30:57.793682+00:00", "event": "Mailbox connection", "email": "arif.cgit@gmail.com", "imap_host": "imap.gmail.com", "imap_port": 993, "imap_encryption": "SSL/TLS"}
{"timestamp": "2026-07-13T12:36:57.818927+00:00", "event": "Mailbox connection", "email": "arif.cgit@gmail.com", "imap_host": "imap.gmail.com", "imap_port": 993, "imap_encryption": "SSL/TLS"}
{"timestamp": "2026-07-13T12:42:57.870970+00:00", "event": "Mailbox connection", "email": "arif.cgit@gmail.com", "imap_host": "imap.gmail.com", "imap_port": 993, "imap_encryption": "SSL/TLS"}
{"timestamp": "2026-07-13T12:48:57.917419+00:00", "event": "Mailbox connection", "email": "arif.cgit@gmail.com", "imap_host": "imap.gmail.com", "imap_port": 993, "imap_encryption": "SSL/TLS"}
{"timestamp": "2026-07-13T12:54:57.970124+00:00", "event": "Mailbox connection", "email": "arif.cgit@gmail.com", "imap_host": "imap.gmail.com", "imap_port": 993, "imap_encryption": "SSL/TLS"}
{"timestamp": "2026-07-13T13:00:58.031423+00:00", "event": "Mailbox connection", "email": "arif.cgit@gmail.com", "imap_host": "imap.gmail.com", "imap_port": 993, "imap_encryption": "SSL/TLS"}
{"timestamp": "2026-07-13T13:06:58.061284+00:00", "event": "Mailbox connection", "email": "arif.cgit@gmail.com", "imap_host": "imap.gmail.com", "imap_port": 993, "imap_encryption": "SSL/TLS"}
{"timestamp": "2026-07-13T13:12:58.104353+00:00", "event": "Mailbox connection", "email": "arif.cgit@gmail.com", "imap_host": "imap.gmail.com", "imap_port": 993, "imap_encryption": "SSL/TLS"}
{"timestamp": "2026-07-13T13:18:58.150301+00:00", "event": "Mailbox connection", "email": "arif.cgit@gmail.com", "imap_host": "imap.gmail.com", "imap_port": 993, "imap_encryption": "SSL/TLS"}
{"timestamp": "2026-07-13T13:24:58.189497+00:00", "event": "Mailbox connection", "email": "arif.cgit@gmail.com", "imap_host": "imap.gmail.com", "imap_port": 993, "imap_encryption": "SSL/TLS"}
{"timestamp": "2026-07-13T13:30:58.247039+00:00", "event": "Mailbox connection", "email": "arif.cgit@gmail.com", "imap_host": "imap.gmail.com", "imap_port": 993, "imap_encryption": "SSL/TLS"}
{"timestamp": "2026-07-13T13:36:58.282396+00:00", "event": "Mailbox connection", "email": "arif.cgit@gmail.com", "imap_host": "imap.gmail.com", "imap_port": 993, "imap_encryption": "SSL/TLS"}
{"timestamp": "2026-07-13T13:42:58.321825+00:00", "event": "Mailbox connection", "email": "arif.cgit@gmail.com", "imap_host": "imap.gmail.com", "imap_port": 993, "imap_encryption": "SSL/TLS"}
{"timestamp": "2026-07-13T13:48:58.368261+00:00", "event": "Mailbox connection", "email": "arif.cgit@gmail.com", "imap_host": "imap.gmail.com", "imap_port": 993, "imap_encryption": "SSL/TLS"}
{"timestamp": "2026-07-13T13:54:58.421408+00:00", "event": "Mailbox connection", "email": "arif.cgit@gmail.com", "imap_host": "imap.gmail.com", "imap_port": 993, "imap_encryption": "SSL/TLS"}
{"timestamp": "2026-07-13T14:00:58.453447+00:00", "event": "Mailbox connection", "email": "arif.cgit@gmail.com", "imap_host": "imap.gmail.com", "imap_port": 993, "imap_encryption": "SSL/TLS"}
{"timestamp": "2026-07-13T14:06:58.476779+00:00", "event": "Mailbox connection", "email": "arif.cgit@gmail.com", "imap_host": "imap.gmail.com", "imap_port": 993, "imap_encryption": "SSL/TLS"}
{"timestamp": "2026-07-13T14:12:58.510346+00:00", "event": "Mailbox connection", "email": "arif.cgit@gmail.com", "imap_host": "imap.gmail.com", "imap_port": 993, "imap_encryption": "SSL/TLS"}
{"timestamp": "2026-07-13T14:18:58.534880+00:00", "event": "Mailbox connection", "email": "arif.cgit@gmail.com", "imap_host": "imap.gmail.com", "imap_port": 993, "imap_encryption": "SSL/TLS"}
{"timestamp": "2026-07-13T14:24:58.564362+00:00", "event": "Mailbox connection", "email": "arif.cgit@gmail.com", "imap_host": "imap.gmail.com", "imap_port": 993, "imap_encryption": "SSL/TLS"}
{"timestamp": "2026-07-13T14:30:58.583915+00:00", "event": "Mailbox connection", "email": "arif.cgit@gmail.com", "imap_host": "imap.gmail.com", "imap_port": 993, "imap_encryption": "SSL/TLS"}
{"timestamp": "2026-07-13T14:36:58.633103+00:00", "event": "Mailbox connection", "email": "arif.cgit@gmail.com", "imap_host": "imap.gmail.com", "imap_port": 993, "imap_encryption": "SSL/TLS"}
{"timestamp": "2026-07-13T14:42:58.683689+00:00", "event": "Mailbox connection", "email": "arif.cgit@gmail.com", "imap_host": "imap.gmail.com", "imap_port": 993, "imap_encryption": "SSL/TLS"}
{"timestamp": "2026-07-14T08:03:27.489790+00:00", "event": "Mailbox connection", "email": "arif.cgit@gmail.com", "imap_host": "imap.gmail.com", "imap_port": 993, "imap_encryption": "SSL/TLS"}
{"timestamp": "2026-07-14T08:09:27.546755+00:00", "event": "Mailbox connection", "email": "arif.cgit@gmail.com", "imap_host": "imap.gmail.com", "imap_port": 993, "imap_encryption": "SSL/TLS"}
{"timestamp": "2026-07-14T08:25:43.813614+00:00", "event": "Mailbox connection", "email": "arif.cgit@gmail.com", "imap_host": "imap.gmail.com", "imap_port": 993, "imap_encryption": "SSL/TLS"}
{"timestamp": "2026-07-15T05:56:03.466560+00:00", "event": "Synchronization Started", "flow": "reply_detection", "account": "arif.cgit@gmail.com"}
{"timestamp": "2026-07-15T05:56:04.795854+00:00", "event": "IMAP Login Success", "email": "arif.cgit@gmail.com", "imap_host": "imap.gmail.com", "imap_port": 993, "imap_encryption": "SSL/TLS", "success": true}
{"timestamp": "2026-07-15T05:56:05.224240+00:00", "event": "Mailbox Selected", "mailbox": "INBOX", "status": "OK"}
{"timestamp": "2026-07-15T05:56:05.224880+00:00", "event": "IMAP Search Criteria", "criteria": ["UNSEEN"], "mode": "SEARCH"}
{"timestamp": "2026-07-15T05:56:05.621127+00:00", "event": "Raw IMAP SEARCH Response", "mode": "SEARCH", "status": "OK", "raw_response": ["1727 1728 1729 1730 1731"]}
{"timestamp": "2026-07-15T05:56:05.621595+00:00", "event": "Unread Email Count", "count": 5}
{"timestamp": "2026-07-15T05:56:06.675749+00:00", "event": "Unread Email Inspected", "uid": "1727", "subject": "Arifur, your Pins = elite", "from_email": "Pinterest <pinterest-recommendations@ideas.pinterest.com>", "content_type": "multipart/alternative", "message_id": "<10.3C.35779.A81F55A6@i-011893e90698e4fff.mta2vrest.sd.prd.sparkpost>", "in_reply_to": "", "references": "", "classification": "Neither", "extracted_original_message_id": "", "extraction_source": ""}
{"timestamp": "2026-07-15T05:56:06.676217+00:00", "event": "Warning", "warning": "Original Message-ID not found", "reason": "No Message-ID found in In-Reply-To or References headers.", "uid": "1727", "message_id": "<10.3C.35779.A81F55A6@i-011893e90698e4fff.mta2vrest.sd.prd.sparkpost>", "in_reply_to": "", "references": "", "api_called": false}
{"timestamp": "2026-07-15T05:56:07.180697+00:00", "event": "Unread Email Inspected", "uid": "1728", "subject": "EF Core has no Bulk Insert?", "from_email": "Mukesh Murugan <mukesh@codewithmukesh.com>", "content_type": "multipart/alternative", "message_id": "<4zuzqnq8mzfehp4xkk6axh632kr02h5h6erq2@kit-mail3.com>", "in_reply_to": "", "references": "", "classification": "Neither", "extracted_original_message_id": "", "extraction_source": ""}
{"timestamp": "2026-07-15T05:56:07.181229+00:00", "event": "Warning", "warning": "Original Message-ID not found", "reason": "No Message-ID found in In-Reply-To or References headers.", "uid": "1728", "message_id": "<4zuzqnq8mzfehp4xkk6axh632kr02h5h6erq2@kit-mail3.com>", "in_reply_to": "", "references": "", "api_called": false}
{"timestamp": "2026-07-15T05:56:07.686967+00:00", "event": "Unread Email Inspected", "uid": "1729", "subject": "Pause for a little inspo", "from_email": "Pinterest <recommendations@discover.pinterest.com>", "content_type": "multipart/alternative", "message_id": "<20260714152129.324dce1f49be8860@discover.pinterest.com>", "in_reply_to": "", "references": "", "classification": "Neither", "extracted_original_message_id": "", "extraction_source": ""}
{"timestamp": "2026-07-15T05:56:07.687586+00:00", "event": "Warning", "warning": "Original Message-ID not found", "reason": "No Message-ID found in In-Reply-To or References headers.", "uid": "1729", "message_id": "<20260714152129.324dce1f49be8860@discover.pinterest.com>", "in_reply_to": "", "references": "", "api_called": false}
{"timestamp": "2026-07-15T05:56:08.239051+00:00", "event": "Unread Email Inspected", "uid": "1730", "subject": "Get more from your GTM stack this summer", "from_email": "Apollo <hello@mail.apollo.io>", "content_type": "multipart/alternative", "message_id": "<20260714175311.64c855b21c70c982@cio54818.mail.apollo.io>", "in_reply_to": "", "references": "", "classification": "Neither", "extracted_original_message_id": "", "extraction_source": ""}
{"timestamp": "2026-07-15T05:56:08.239516+00:00", "event": "Warning", "warning": "Original Message-ID not found", "reason": "No Message-ID found in In-Reply-To or References headers.", "uid": "1730", "message_id": "<20260714175311.64c855b21c70c982@cio54818.mail.apollo.io>", "in_reply_to": "", "references": "", "api_called": false}
{"timestamp": "2026-07-15T05:56:08.769510+00:00", "event": "Unread Email Inspected", "uid": "1731", "subject": "Arifur, this was meant for you", "from_email": "Pinterest <recommendations@explore.pinterest.com>", "content_type": "multipart/alternative", "message_id": "<C7.F4.19667.7BCF65A6@i-0725c73f6792e2f95.mta2vrest.sd.prd.sparkpost>", "in_reply_to": "", "references": "", "classification": "Neither", "extracted_original_message_id": "", "extraction_source": ""}
{"timestamp": "2026-07-15T05:56:08.770349+00:00", "event": "Warning", "warning": "Original Message-ID not found", "reason": "No Message-ID found in In-Reply-To or References headers.", "uid": "1731", "message_id": "<C7.F4.19667.7BCF65A6@i-0725c73f6792e2f95.mta2vrest.sd.prd.sparkpost>", "in_reply_to": "", "references": "", "api_called": false}
{"timestamp": "2026-07-15T06:01:14.646073+00:00", "event": "Synchronization Started", "flow": "reply_detection", "account": "arif.cgit@gmail.com"}
{"timestamp": "2026-07-15T06:01:15.997828+00:00", "event": "IMAP Login Success", "email": "arif.cgit@gmail.com", "imap_host": "imap.gmail.com", "imap_port": 993, "imap_encryption": "SSL/TLS", "success": true}
{"timestamp": "2026-07-15T06:01:16.406849+00:00", "event": "Mailbox Selected", "mailbox": "INBOX", "status": "OK"}
{"timestamp": "2026-07-15T06:01:16.407312+00:00", "event": "IMAP Search Criteria", "criteria": ["UNSEEN"], "mode": "SEARCH"}
{"timestamp": "2026-07-15T06:01:16.786577+00:00", "event": "Raw IMAP SEARCH Response", "mode": "SEARCH", "status": "OK", "raw_response": [""]}
{"timestamp": "2026-07-15T06:01:16.787082+00:00", "event": "Unread Email Count", "count": 0}
{"timestamp": "2026-07-15T06:23:56.207324+00:00", "event": "Synchronization Started", "flow": "reply_detection", "account": "arif.cgit@gmail.com"}
{"timestamp": "2026-07-15T06:23:58.347959+00:00", "event": "IMAP Login Success", "email": "arif.cgit@gmail.com", "imap_host": "imap.gmail.com", "imap_port": 993, "imap_encryption": "SSL/TLS", "success": true}
{"timestamp": "2026-07-15T06:23:58.698628+00:00", "event": "Mailbox Selected", "mailbox": "INBOX", "status": "OK"}
{"timestamp": "2026-07-15T06:23:58.700220+00:00", "event": "IMAP Search Criteria", "criteria": ["UNSEEN"], "mode": "SEARCH"}
{"timestamp": "2026-07-15T06:23:59.018924+00:00", "event": "Raw IMAP SEARCH Response", "mode": "SEARCH", "status": "OK", "raw_response": [""]}
{"timestamp": "2026-07-15T06:23:59.019604+00:00", "event": "Unread Email Count", "count": 0}
{"timestamp": "2026-07-15T06:25:03.343002+00:00", "event": "Synchronization Started", "flow": "reply_detection", "account": "arif.cgit@gmail.com"}
{"timestamp": "2026-07-15T06:25:04.777039+00:00", "event": "IMAP Login Success", "email": "arif.cgit@gmail.com", "imap_host": "imap.gmail.com", "imap_port": 993, "imap_encryption": "SSL/TLS", "success": true}
{"timestamp": "2026-07-15T06:25:05.437296+00:00", "event": "Mailbox Selected", "mailbox": "INBOX", "status": "OK"}
{"timestamp": "2026-07-15T06:25:05.437923+00:00", "event": "IMAP Search Criteria", "criteria": ["UNSEEN"], "mode": "SEARCH"}
{"timestamp": "2026-07-15T06:25:05.977505+00:00", "event": "Raw IMAP SEARCH Response", "mode": "SEARCH", "status": "OK", "raw_response": [""]}
{"timestamp": "2026-07-15T06:25:05.978448+00:00", "event": "Unread Email Count", "count": 0}
{"timestamp": "2026-07-15T06:31:03.376972+00:00", "event": "Synchronization Started", "flow": "reply_detection", "account": "arif.cgit@gmail.com"}
{"timestamp": "2026-07-15T06:31:04.510572+00:00", "event": "IMAP Login Success", "email": "arif.cgit@gmail.com", "imap_host": "imap.gmail.com", "imap_port": 993, "imap_encryption": "SSL/TLS", "success": true}
{"timestamp": "2026-07-15T06:31:04.845965+00:00", "event": "Mailbox Selected", "mailbox": "INBOX", "status": "OK"}
{"timestamp": "2026-07-15T06:31:04.847524+00:00", "event": "IMAP Search Criteria", "criteria": ["UNSEEN"], "mode": "SEARCH"}
{"timestamp": "2026-07-15T06:31:05.168009+00:00", "event": "Raw IMAP SEARCH Response", "mode": "SEARCH", "status": "OK", "raw_response": [""]}
{"timestamp": "2026-07-15T06:31:05.168507+00:00", "event": "Unread Email Count", "count": 0}
{"timestamp": "2026-07-15T06:37:03.410557+00:00", "event": "Synchronization Started", "flow": "reply_detection", "account": "arif.cgit@gmail.com"}
{"timestamp": "2026-07-15T06:37:05.830213+00:00", "event": "IMAP Login Success", "email": "arif.cgit@gmail.com", "imap_host": "imap.gmail.com", "imap_port": 993, "imap_encryption": "SSL/TLS", "success": true}
{"timestamp": "2026-07-15T06:37:06.576545+00:00", "event": "Mailbox Selected", "mailbox": "INBOX", "status": "OK"}
{"timestamp": "2026-07-15T06:37:06.577208+00:00", "event": "IMAP Search Criteria", "criteria": ["UNSEEN"], "mode": "SEARCH"}
{"timestamp": "2026-07-15T06:37:06.928805+00:00", "event": "Raw IMAP SEARCH Response", "mode": "SEARCH", "status": "OK", "raw_response": [""]}
{"timestamp": "2026-07-15T06:37:06.930383+00:00", "event": "Unread Email Count", "count": 0}
{"timestamp": "2026-07-15T06:43:03.465497+00:00", "event": "Synchronization Started", "flow": "reply_detection", "account": "arif.cgit@gmail.com"}
{"timestamp": "2026-07-15T06:43:05.973476+00:00", "event": "IMAP Login Success", "email": "arif.cgit@gmail.com", "imap_host": "imap.gmail.com", "imap_port": 993, "imap_encryption": "SSL/TLS", "success": true}
{"timestamp": "2026-07-15T06:43:06.660368+00:00", "event": "Mailbox Selected", "mailbox": "INBOX", "status": "OK"}
{"timestamp": "2026-07-15T06:43:06.660937+00:00", "event": "IMAP Search Criteria", "criteria": ["UNSEEN"], "mode": "SEARCH"}
{"timestamp": "2026-07-15T06:43:08.060614+00:00", "event": "Raw IMAP SEARCH Response", "mode": "SEARCH", "status": "OK", "raw_response": [""]}
{"timestamp": "2026-07-15T06:43:08.061501+00:00", "event": "Unread Email Count", "count": 0}
